number,value,datetime_start,datetime_complete,duration,params_C,params_l1_ratio,system_attrs_fixed_params,system_attrs_tpe:relative_params:0,state
0,0.25752895520901636,2026-09-19 16:50:39.109177,2026-09-19 16:51:09.524050,0 days 00:00:30.414873,1.5323754268166232,0.8540232558422999,"{'C': 1.5323754268166232, 'l1_ratio': 0.8540232558422999}",,COMPLETE
1,0.2517989261258505,2026-09-19 16:51:09.524050,2026-09-19 16:51:09.919715,0 days 00:00:00.395665,0.0074593432857265485,0.9507143064099162,,,COMPLETE
2,0.2565059531359518,2026-09-19 16:51:09.919715,2026-09-19 16:51:24.035753,0 days 00:00:14.116038,0.4570563099801455,0.5986584841970366,,,COMPLETE
3,0.24592831138002264,2026-09-19 16:51:24.035753,2026-09-19 16:51:24.302194,0 days 00:00:00.266441,0.0006026889128682511,0.15599452033620265,,,COMPLETE
4,0.09770114942528736,2026-09-19 16:51:24.302194,2026-09-19 16:51:24.372034,0 days 00:00:00.069840,0.00019517224641449495,0.8661761457749352,,,COMPLETE
5,0.2554023047481775,2026-09-19 16:51:24.372034,2026-09-19 16:51:28.053695,0 days 00:00:03.681661,0.10129197956845731,0.7080725777960455,,,COMPLETE
6,0.09770114942528736,2026-09-19 16:51:28.053695,2026-09-19 16:51:28.062726,0 days 00:00:00.009031,0.00012674255898937226,0.9699098521619943,,,PRUNED
7,0.257366972777687,2026-09-19 16:51:28.062726,2026-09-19 16:51:54.555450,0 days 00:00:26.492724,1.452824663751602,0.21233911067827616,,,COMPLETE
8,0.1744000707908806,2026-09-19 16:51:54.555450,2026-09-19 16:51:54.597781,0 days 00:00:00.042331,0.0008111941985431928,0.18340450985343382,,,PRUNED
9,0.1832906418057076,2026-09-19 16:51:54.597781,2026-09-19 16:51:54.657221,0 days 00:00:00.059440,0.0033205591037519565,0.5247564316322378,,,PRUNED
10,0.2565361803760521,2026-09-19 16:51:54.657221,2026-09-19 16:51:58.118313,0 days 00:00:03.461092,0.07347924851709851,0.25074378095996674,,"{""C"": 0.07347924851709851, ""l1_ratio"": 0.25074378095996674}",COMPLETE
11,0.2566557464593721,2026-09-19 16:51:58.118313,2026-09-19 16:52:32.570265,0 days 00:00:34.451952,3.2267746766918104,0.007547319316293211,,"{""C"": 3.2267746766918104, ""l1_ratio"": 0.007547319316293211}",COMPLETE
12,0.20326860444668532,2026-09-19 16:52:32.570265,2026-09-19 16:52:39.600267,0 days 00:00:07.030002,5.283079564285327,0.33621501221670047,,"{""C"": 5.283079564285327, ""l1_ratio"": 0.33621501221670047}",PRUNED
13,0.20294144083333962,2026-09-19 16:52:39.600267,2026-09-19 16:52:47.898173,0 days 00:00:08.297906,7.906961175259445,0.892217179060963,,"{""C"": 7.906961175259445, ""l1_ratio"": 0.892217179060963}",PRUNED
14,0.2581876556877356,2026-09-19 16:52:47.898173,2026-09-19 16:53:07.383028,0 days 00:00:19.484855,0.7843356473476311,0.4285141906457659,,"{""C"": 0.7843356473476311, ""l1_ratio"": 0.4285141906457659}",COMPLETE
15,0.2563209802959695,2026-09-19 16:53:07.383028,2026-09-19 16:53:18.610290,0 days 00:00:11.227262,0.5183273603525624,0.9469618763901493,,"{""C"": 0.5183273603525624, ""l1_ratio"": 0.9469618763901493}",PRUNED
16,0.2571880969217542,2026-09-19 16:53:18.610290,2026-09-19 16:53:33.273341,0 days 00:00:14.663051,0.4920709465227078,0.04884824822442013,,"{""C"": 0.4920709465227078, ""l1_ratio"": 0.04884824822442013}",COMPLETE
17,0.2278332077740298,2026-09-19 16:53:33.273341,2026-09-19 16:53:34.474880,0 days 00:00:01.201539,0.05836552232601993,0.03106806070876189,,"{""C"": 0.05836552232601993, ""l1_ratio"": 0.03106806070876189}",PRUNED
18,0.22779666183523634,2026-09-19 16:53:34.474880,2026-09-19 16:53:40.650851,0 days 00:00:06.175971,0.5464073547333443,0.7874991190871846,,"{""C"": 0.5464073547333443, ""l1_ratio"": 0.7874991190871846}",PRUNED
19,0.2565491105756724,2026-09-19 16:53:40.650851,2026-09-19 16:53:52.443452,0 days 00:00:11.792601,0.3531252535404271,0.3472247132579205,,"{""C"": 0.3531252535404271, ""l1_ratio"": 0.3472247132579205}",COMPLETE
20,0.2037467257472555,2026-09-19 16:53:52.443452,2026-09-19 16:53:59.135527,0 days 00:00:06.692075,3.9169403199684876,0.5348083587129585,,"{""C"": 3.9169403199684876, ""l1_ratio"": 0.5348083587129585}",PRUNED
21,0.2048871163914856,2026-09-19 16:53:59.135527,2026-09-19 16:54:04.527180,0 days 00:00:05.391653,2.4419232766733243,0.12237927883676451,,"{""C"": 2.4419232766733243, ""l1_ratio"": 0.12237927883676451}",PRUNED
22,0.25729452001494113,2026-09-19 16:54:04.527180,2026-09-19 16:54:30.003998,0 days 00:00:25.476818,1.2951505461009738,0.3014204270309848,,"{""C"": 1.2951505461009738, ""l1_ratio"": 0.3014204270309848}",COMPLETE
23,0.2052611007636949,2026-09-19 16:54:30.003998,2026-09-19 16:54:36.378597,0 days 00:00:06.374599,2.9300924407801774,0.7740404982761775,,"{""C"": 2.9300924407801774, ""l1_ratio"": 0.7740404982761775}",PRUNED
24,0.20634855564926893,2026-09-19 16:54:36.378597,2026-09-19 16:54:42.455818,0 days 00:00:06.077221,2.3585528717219364,0.9890307368295221,,"{""C"": 2.3585528717219364, ""l1_ratio"": 0.9890307368295221}",PRUNED
25,0.20407437224610026,2026-09-19 16:54:42.455818,2026-09-19 16:54:42.930650,0 days 00:00:00.474832,0.08843729504895091,0.4813649392493927,,"{""C"": 0.08843729504895091, ""l1_ratio"": 0.4813649392493927}",PRUNED
26,0.20308872780580034,2026-09-19 16:54:42.930650,2026-09-19 16:54:50.525335,0 days 00:00:07.594685,8.212985248662507,0.09233465292855204,,"{""C"": 8.212985248662507, ""l1_ratio"": 0.09233465292855204}",PRUNED
27,0.19898959362335103,2026-09-19 16:54:50.525335,2026-09-19 16:54:50.665753,0 days 00:00:00.140418,0.009619010075053431,0.4008997921309635,,"{""C"": 0.009619010075053431, ""l1_ratio"": 0.4008997921309635}",PRUNED
28,0.22714570398441478,2026-09-19 16:54:50.665753,2026-09-19 16:54:53.762057,0 days 00:00:03.096304,0.2340565206132349,0.2186092111630975,,"{""C"": 0.2340565206132349, ""l1_ratio"": 0.2186092111630975}",PRUNED
29,0.25762854981713595,2026-09-19 16:54:53.762057,2026-09-19 16:55:21.830391,0 days 00:00:28.068334,1.5240839683459757,0.45654335665096274,,"{""C"": 1.5240839683459757, ""l1_ratio"": 0.45654335665096274}",COMPLETE
