number,value,datetime_start,datetime_complete,duration,params_colsample_bytree,params_learning_rate,params_max_depth,params_n_estimators,params_reg_alpha,params_reg_lambda,params_subsample,system_attrs_fixed_params,system_attrs_tpe:relative_params:0,state
0,0.18384338729089167,2026-09-19 23:54:25.061099,2026-09-19 23:54:28.563390,0 days 00:00:03.502291,0.5390090454315083,0.023902178662731973,1,997,0.9202492176282521,2.942080144851797,0.7932307973020875,"{'n_estimators': 997, 'learning_rate': 0.023902178662731973, 'max_depth': 1, 'subsample': 0.7932307973020875, 'colsample_bytree': 0.5390090454315083, 'reg_alpha': 0.9202492176282521, 'reg_lambda': 2.942080144851797}",,COMPLETE
1,0.20527240765488095,2026-09-19 23:54:28.563390,2026-09-19 23:54:36.024975,0 days 00:00:07.461585,0.5780093202212182,0.2536999076681772,9,574,0.7799726016810132,0.2904180608409973,0.8394633936788146,,,COMPLETE
2,0.2249012287987157,2026-09-19 23:54:36.024975,2026-09-19 23:54:54.940517,0 days 00:00:18.915542,0.9849549260809971,0.07725378389307355,9,1067,4.162213204002109,1.0616955533913808,0.608233797718321,,,COMPLETE
3,0.20722264071678415,2026-09-19 23:54:54.940517,2026-09-19 23:54:59.428766,0 days 00:00:04.488249,0.7159725093210578,0.018659959624904916,4,382,1.4561457009902097,3.0592644736118975,0.8099025726528951,,,COMPLETE
4,0.21143870398417824,2026-09-19 23:54:59.428766,2026-09-19 23:55:06.360350,0 days 00:00:06.931584,0.8925879806965068,0.027010527749605478,5,339,0.9983689107917987,2.571172192068058,0.7824279936868144,,,COMPLETE
5,0.2246066748712207,2026-09-19 23:55:06.360350,2026-09-19 23:55:33.305552,0 days 00:00:26.945202,0.5325257964926398,0.011711509955524094,8,793,4.7444276862666666,4.828160165372797,0.6682096494749166,,,COMPLETE
6,0.20013778364375412,2026-09-19 23:55:33.305552,2026-09-19 23:55:38.575082,0 days 00:00:05.269530,0.7200762468698007,0.028180680291847244,2,1009,0.6101911742238941,2.475884550556351,0.8736932106048627,,,PRUNED
7,0.17084969356238144,2026-09-19 23:55:38.575082,2026-09-19 23:55:39.072639,0 days 00:00:00.497557,0.6558555380447055,0.22038218939289875,4,234,2.600340105889054,2.7335513967163982,0.8650089137415928,,,PRUNED
8,0.16960416600223605,2026-09-19 23:55:39.072639,2026-09-19 23:55:40.346886,0 days 00:00:01.274247,0.9474136752138245,0.27051668818999286,10,385,2.9894998940554256,4.609371175115584,0.9757995766256756,,,PRUNED
9,0.1670788035975146,2026-09-19 23:55:40.346886,2026-09-19 23:55:40.589249,0 days 00:00:00.242363,0.6943386448447411,0.01947558230629543,1,288,1.3567451588694794,4.143687545759647,0.7301321323053057,,,PRUNED
10,0.17902525775907296,2026-09-19 23:55:40.589249,2026-09-19 23:55:43.012907,0 days 00:00:02.423658,0.9609972575302882,0.15245367148015904,9,1087,4.873854971006914,2.4057825076225834,0.7978250331314947,,"{""colsample_bytree"": 0.9609972575302882, ""learning_rate"": 0.15245367148015904, ""max_depth"": 9, ""n_estimators"": 1087, ""reg_alpha"": 4.873854971006914, ""reg_lambda"": 2.4057825076225834, ""subsample"": 0.7978250331314947}",PRUNED
11,0.1840803406299009,2026-09-19 23:55:43.012907,2026-09-19 23:55:49.887091,0 days 00:00:06.874184,0.9886300947019407,0.0325108305146517,9,1017,4.1446682051786485,2.8563946030888117,0.6134700550461601,,"{""colsample_bytree"": 0.9886300947019407, ""learning_rate"": 0.0325108305146517, ""max_depth"": 9, ""n_estimators"": 1017, ""reg_alpha"": 4.1446682051786485, ""reg_lambda"": 2.8563946030888117, ""subsample"": 0.6134700550461601}",PRUNED
12,0.17765218720585044,2026-09-19 23:55:49.887091,2026-09-19 23:55:52.383905,0 days 00:00:02.496814,0.7852739324408416,0.15937153885689037,8,1095,3.591901910708762,2.7661563764745725,0.6124272242835047,,"{""colsample_bytree"": 0.7852739324408416, ""learning_rate"": 0.15937153885689037, ""max_depth"": 8, ""n_estimators"": 1095, ""reg_alpha"": 3.591901910708762, ""reg_lambda"": 2.7661563764745725, ""subsample"": 0.6124272242835047}",PRUNED
13,0.17282745093764829,2026-09-19 23:55:52.383905,2026-09-19 23:55:55.508371,0 days 00:00:03.124466,0.8683213987583671,0.06755972667306288,8,814,4.970763702311529,0.7290196016820998,0.6455847601993863,,"{""colsample_bytree"": 0.8683213987583671, ""learning_rate"": 0.06755972667306288, ""max_depth"": 8, ""n_estimators"": 814, ""reg_alpha"": 4.970763702311529, ""reg_lambda"": 0.7290196016820998, ""subsample"": 0.6455847601993863}",PRUNED
14,0.21836756010902847,2026-09-19 23:55:55.508371,2026-09-19 23:56:09.968077,0 days 00:00:14.459706,0.5133369627544255,0.013099823799710617,6,727,4.290406165290001,2.4590291992853945,0.6157413750940751,,"{""colsample_bytree"": 0.5133369627544255, ""learning_rate"": 0.013099823799710617, ""max_depth"": 6, ""n_estimators"": 727, ""reg_alpha"": 4.290406165290001, ""reg_lambda"": 2.4590291992853945, ""subsample"": 0.6157413750940751}",COMPLETE
15,0.17381813690347286,2026-09-19 23:56:09.969076,2026-09-19 23:56:15.059647,0 days 00:00:05.090571,0.5922445750862725,0.03282140452036606,9,834,3.793581458954943,4.169939609800967,0.6474389718676329,,"{""colsample_bytree"": 0.5922445750862725, ""learning_rate"": 0.03282140452036606, ""max_depth"": 9, ""n_estimators"": 834, ""reg_alpha"": 3.793581458954943, ""reg_lambda"": 4.169939609800967, ""subsample"": 0.6474389718676329}",PRUNED
16,0.17707682401351393,2026-09-19 23:56:15.059647,2026-09-19 23:56:22.252687,0 days 00:00:07.193040,0.6849814696562426,0.020562891690840027,11,822,3.2981183261250893,1.499063074982494,0.6307059316811736,,"{""colsample_bytree"": 0.6849814696562426, ""learning_rate"": 0.020562891690840027, ""max_depth"": 11, ""n_estimators"": 822, ""reg_alpha"": 3.2981183261250893, ""reg_lambda"": 1.499063074982494, ""subsample"": 0.6307059316811736}",PRUNED
17,0.18459930892767257,2026-09-19 23:56:22.252687,2026-09-19 23:56:32.079429,0 days 00:00:09.826742,0.6942567531543506,0.014744225632002075,12,1116,4.777106457776439,3.4684257735651047,0.6137185851070082,,"{""colsample_bytree"": 0.6942567531543506, ""learning_rate"": 0.014744225632002075, ""max_depth"": 12, ""n_estimators"": 1116, ""reg_alpha"": 4.777106457776439, ""reg_lambda"": 3.4684257735651047, ""subsample"": 0.6137185851070082}",PRUNED
18,0.1757200470101951,2026-09-19 23:56:32.079429,2026-09-19 23:56:36.262951,0 days 00:00:04.183522,0.8011012369010718,0.05981932114386864,7,1187,4.8516378787072645,4.694897978626128,0.6328725609491931,,"{""colsample_bytree"": 0.8011012369010718, ""learning_rate"": 0.05981932114386864, ""max_depth"": 7, ""n_estimators"": 1187, ""reg_alpha"": 4.8516378787072645, ""reg_lambda"": 4.694897978626128, ""subsample"": 0.6328725609491931}",PRUNED
19,0.21764372323095724,2026-09-19 23:56:36.262951,2026-09-19 23:57:11.794201,0 days 00:00:35.531250,0.9713896668134925,0.01093422287232613,7,975,4.74589412706914,3.3448482566435653,0.7106443947649822,,"{""colsample_bytree"": 0.9713896668134925, ""learning_rate"": 0.01093422287232613, ""max_depth"": 7, ""n_estimators"": 975, ""reg_alpha"": 4.74589412706914, ""reg_lambda"": 3.3448482566435653, ""subsample"": 0.7106443947649822}",COMPLETE
20,0.17097654477351226,2026-09-19 23:57:11.794201,2026-09-19 23:57:14.776435,0 days 00:00:02.982234,0.6833124107959538,0.09018907267978876,10,873,4.899788533322955,2.729252899505606,0.7063111791165155,,"{""colsample_bytree"": 0.6833124107959538, ""learning_rate"": 0.09018907267978876, ""max_depth"": 10, ""n_estimators"": 873, ""reg_alpha"": 4.899788533322955, ""reg_lambda"": 2.729252899505606, ""subsample"": 0.7063111791165155}",PRUNED
21,0.21707357431920848,2026-09-19 23:57:14.776435,2026-09-19 23:57:27.096942,0 days 00:00:12.320507,0.5646347629878841,0.010807679561646263,5,854,4.72734829291757,3.0529972705895485,0.6619709422542276,,"{""colsample_bytree"": 0.5646347629878841, ""learning_rate"": 0.010807679561646263, ""max_depth"": 5, ""n_estimators"": 854, ""reg_alpha"": 4.72734829291757, ""reg_lambda"": 3.0529972705895485, ""subsample"": 0.6619709422542276}",COMPLETE
22,0.22668059759836065,2026-09-19 23:57:27.096942,2026-09-19 23:57:48.407329,0 days 00:00:21.310387,0.5082891281330206,0.013241501796530861,8,628,4.895602218804255,4.761708785311562,0.7308147428053852,,"{""colsample_bytree"": 0.5082891281330206, ""learning_rate"": 0.013241501796530861, ""max_depth"": 8, ""n_estimators"": 628, ""reg_alpha"": 4.895602218804255, ""reg_lambda"": 4.761708785311562, ""subsample"": 0.7308147428053852}",COMPLETE
23,0.18211279716745157,2026-09-19 23:57:48.407329,2026-09-19 23:57:56.762057,0 days 00:00:08.354728,0.8533444256426344,0.0135043891825601,9,932,4.6371314831089,4.828464036130345,0.6043753397736075,,"{""colsample_bytree"": 0.8533444256426344, ""learning_rate"": 0.0135043891825601, ""max_depth"": 9, ""n_estimators"": 932, ""reg_alpha"": 4.6371314831089, ""reg_lambda"": 4.828464036130345, ""subsample"": 0.6043753397736075}",PRUNED
24,0.22669897313468743,2026-09-19 23:57:56.762057,2026-09-19 23:58:13.923042,0 days 00:00:17.160985,0.540620677329206,0.011930826705241095,8,466,4.502007564591461,4.68143780186038,0.6682861469221958,,"{""colsample_bytree"": 0.540620677329206, ""learning_rate"": 0.011930826705241095, ""max_depth"": 8, ""n_estimators"": 466, ""reg_alpha"": 4.502007564591461, ""reg_lambda"": 4.68143780186038, ""subsample"": 0.6682861469221958}",COMPLETE
25,0.18900081165743216,2026-09-19 23:58:13.924041,2026-09-19 23:58:18.514237,0 days 00:00:04.590196,0.6105772297878114,0.012700245353563126,8,581,4.120303102170133,4.955292881198475,0.6899325504482158,,"{""colsample_bytree"": 0.6105772297878114, ""learning_rate"": 0.012700245353563126, ""max_depth"": 8, ""n_estimators"": 581, ""reg_alpha"": 4.120303102170133, ""reg_lambda"": 4.955292881198475, ""subsample"": 0.6899325504482158}",PRUNED
26,0.18954424443271672,2026-09-19 23:58:18.514237,2026-09-19 23:58:23.427141,0 days 00:00:04.912904,0.5949334125820087,0.015939563474383602,10,509,4.80796812618016,4.26162875041284,0.7044535689446616,,"{""colsample_bytree"": 0.5949334125820087, ""learning_rate"": 0.015939563474383602, ""max_depth"": 10, ""n_estimators"": 509, ""reg_alpha"": 4.80796812618016, ""reg_lambda"": 4.26162875041284, ""subsample"": 0.7044535689446616}",PRUNED
27,0.18580501558100945,2026-09-19 23:58:23.427141,2026-09-19 23:58:28.698702,0 days 00:00:05.271561,0.5319004011226393,0.010722850247739623,9,584,3.745586842287885,3.613388467376521,0.6928423204124692,,"{""colsample_bytree"": 0.5319004011226393, ""learning_rate"": 0.010722850247739623, ""max_depth"": 9, ""n_estimators"": 584, ""reg_alpha"": 3.745586842287885, ""reg_lambda"": 3.613388467376521, ""subsample"": 0.6928423204124692}",PRUNED
28,0.17464072944920697,2026-09-19 23:58:28.698702,2026-09-19 23:58:30.257283,0 days 00:00:01.558581,0.5040199892455259,0.07393439924820785,5,561,4.532706502265743,4.810229642928473,0.7225571592864068,,"{""colsample_bytree"": 0.5040199892455259, ""learning_rate"": 0.07393439924820785, ""max_depth"": 5, ""n_estimators"": 561, ""reg_alpha"": 4.532706502265743, ""reg_lambda"": 4.810229642928473, ""subsample"": 0.7225571592864068}",PRUNED
29,0.22077334406003218,2026-09-19 23:58:30.257283,2026-09-19 23:58:42.176648,0 days 00:00:11.919365,0.5379918409899422,0.018575447464347132,6,593,4.867330515021201,4.48601635854351,0.7315818707302599,,"{""colsample_bytree"": 0.5379918409899422, ""learning_rate"": 0.018575447464347132, ""max_depth"": 6, ""n_estimators"": 593, ""reg_alpha"": 4.867330515021201, ""reg_lambda"": 4.48601635854351, ""subsample"": 0.7315818707302599}",COMPLETE
