number,value,datetime_start,datetime_complete,duration,params_colsample_bytree,params_learning_rate,params_max_depth,params_n_estimators,params_reg_alpha,params_reg_lambda,params_subsample,system_attrs_tpe:relative_params:0,state
53,0.19413732243692183,2026-09-19 12:14:34.513822,2026-09-19 12:14:35.366628,0 days 00:00:00.852806,0.5913478458669895,0.014575147066035035,2,1119,0.7108962568812618,1.9617607248836204,0.7792611453601612,"{""colsample_bytree"": 0.5913478458669895, ""learning_rate"": 0.014575147066035035, ""max_depth"": 2, ""n_estimators"": 1119, ""reg_alpha"": 0.7108962568812618, ""reg_lambda"": 1.9617607248836204, ""subsample"": 0.7792611453601612}",PRUNED
54,0.1919162736453057,2026-09-19 12:14:35.366628,2026-09-19 12:14:36.168710,0 days 00:00:00.802082,0.5823827182469975,0.021989413424194727,2,1054,0.1825596821104814,2.3804949068438246,0.7673991050778145,"{""colsample_bytree"": 0.5823827182469975, ""learning_rate"": 0.021989413424194727, ""max_depth"": 2, ""n_estimators"": 1054, ""reg_alpha"": 0.1825596821104814, ""reg_lambda"": 2.3804949068438246, ""subsample"": 0.7673991050778145}",PRUNED
55,0.2726977693283827,2026-09-19 12:14:36.168710,2026-09-19 12:14:39.071382,0 days 00:00:02.902672,0.530174975671248,0.022651002865885936,1,1001,0.2774664663730828,2.6696171872955925,0.8000335538410045,"{""colsample_bytree"": 0.530174975671248, ""learning_rate"": 0.022651002865885936, ""max_depth"": 1, ""n_estimators"": 1001, ""reg_alpha"": 0.2774664663730828, ""reg_lambda"": 2.6696171872955925, ""subsample"": 0.8000335538410045}",COMPLETE
56,0.23149411501726153,2026-09-19 12:14:39.071382,2026-09-19 12:14:40.205578,0 days 00:00:01.134196,0.5077584522256853,0.013079921146502686,1,1051,0.9180909933627958,1.8594469210725615,0.8052441510066746,"{""colsample_bytree"": 0.5077584522256853, ""learning_rate"": 0.013079921146502686, ""max_depth"": 1, ""n_estimators"": 1051, ""reg_alpha"": 0.9180909933627958, ""reg_lambda"": 1.8594469210725615, ""subsample"": 0.8052441510066746}",PRUNED
57,0.2716823878619789,2026-09-19 12:14:40.205578,2026-09-19 12:14:42.900056,0 days 00:00:02.694478,0.5623193886719097,0.024597964904101797,1,979,0.8457245431932977,2.5879418648516155,0.837085967617968,"{""colsample_bytree"": 0.5623193886719097, ""learning_rate"": 0.024597964904101797, ""max_depth"": 1, ""n_estimators"": 979, ""reg_alpha"": 0.8457245431932977, ""reg_lambda"": 2.5879418648516155, ""subsample"": 0.837085967617968}",COMPLETE
58,0.19129456721417093,2026-09-19 12:14:42.900056,2026-09-19 12:14:43.467037,0 days 00:00:00.566981,0.5608768269622163,0.0297567664575324,1,1007,0.7519998652935997,2.213883386046939,0.8290519922166492,"{""colsample_bytree"": 0.5608768269622163, ""learning_rate"": 0.0297567664575324, ""max_depth"": 1, ""n_estimators"": 1007, ""reg_alpha"": 0.7519998652935997, ""reg_lambda"": 2.213883386046939, ""subsample"": 0.8290519922166492}",PRUNED
59,0.2735999559206832,2026-09-19 12:14:43.467037,2026-09-19 12:14:46.223596,0 days 00:00:02.756559,0.5002564203154798,0.026810838362195655,1,954,0.48780293788370344,2.50488853962558,0.7716717378013382,"{""colsample_bytree"": 0.5002564203154798, ""learning_rate"": 0.026810838362195655, ""max_depth"": 1, ""n_estimators"": 954, ""reg_alpha"": 0.48780293788370344, ""reg_lambda"": 2.50488853962558, ""subsample"": 0.7716717378013382}",COMPLETE
60,0.2719113434731639,2026-09-19 12:14:46.223596,2026-09-19 12:14:49.031936,0 days 00:00:02.808340,0.5267279462006911,0.018993817307487157,1,1029,0.6128680478132231,2.8111682704399152,0.726030546505251,"{""colsample_bytree"": 0.5267279462006911, ""learning_rate"": 0.018993817307487157, ""max_depth"": 1, ""n_estimators"": 1029, ""reg_alpha"": 0.6128680478132231, ""reg_lambda"": 2.8111682704399152, ""subsample"": 0.726030546505251}",COMPLETE
61,0.1923596583110644,2026-09-19 12:14:49.031936,2026-09-19 12:14:49.592947,0 days 00:00:00.561011,0.5642129351266968,0.02458965447736279,1,1015,0.2911974435009633,1.6114719654679028,0.7789997240470123,"{""colsample_bytree"": 0.5642129351266968, ""learning_rate"": 0.02458965447736279, ""max_depth"": 1, ""n_estimators"": 1015, ""reg_alpha"": 0.2911974435009633, ""reg_lambda"": 1.6114719654679028, ""subsample"": 0.7789997240470123}",PRUNED
62,0.27250038914595176,2026-09-19 12:14:49.592947,2026-09-19 12:14:52.459770,0 days 00:00:02.866823,0.5327301207926873,0.015971339919399183,1,1050,0.28902527989447935,2.7557954632202266,0.6937098148109805,"{""colsample_bytree"": 0.5327301207926873, ""learning_rate"": 0.015971339919399183, ""max_depth"": 1, ""n_estimators"": 1050, ""reg_alpha"": 0.28902527989447935, ""reg_lambda"": 2.7557954632202266, ""subsample"": 0.6937098148109805}",COMPLETE
63,0.23465839709518185,2026-09-19 12:14:52.459770,2026-09-19 12:14:53.387710,0 days 00:00:00.927940,0.5182613112695478,0.023810277144574284,1,849,0.3570418325265581,2.300550031833081,0.7927155896445978,"{""colsample_bytree"": 0.5182613112695478, ""learning_rate"": 0.023810277144574284, ""max_depth"": 1, ""n_estimators"": 849, ""reg_alpha"": 0.3570418325265581, ""reg_lambda"": 2.300550031833081, ""subsample"": 0.7927155896445978}",PRUNED
64,0.27242125061400735,2026-09-19 12:14:53.387710,2026-09-19 12:14:56.226795,0 days 00:00:02.839085,0.5380354960052016,0.019270201680975943,1,1043,0.31911383284774275,2.675005553491707,0.7158609592200753,"{""colsample_bytree"": 0.5380354960052016, ""learning_rate"": 0.019270201680975943, ""max_depth"": 1, ""n_estimators"": 1043, ""reg_alpha"": 0.31911383284774275, ""reg_lambda"": 2.675005553491707, ""subsample"": 0.7158609592200753}",COMPLETE
65,0.27370379122309413,2026-09-19 12:14:56.226795,2026-09-19 12:14:59.008432,0 days 00:00:02.781637,0.5461288903568664,0.017453867142010523,1,1072,0.23846324089813728,2.2059510390595167,0.7386778156838665,"{""colsample_bytree"": 0.5461288903568664, ""learning_rate"": 0.017453867142010523, ""max_depth"": 1, ""n_estimators"": 1072, ""reg_alpha"": 0.23846324089813728, ""reg_lambda"": 2.2059510390595167, ""subsample"": 0.7386778156838665}",COMPLETE
66,0.1936717732054163,2026-09-19 12:14:59.008432,2026-09-19 12:14:59.604727,0 days 00:00:00.596295,0.654571622000946,0.02211523385585677,1,1130,0.35792072062976754,2.1801656944883434,0.7627507788715927,"{""colsample_bytree"": 0.654571622000946, ""learning_rate"": 0.02211523385585677, ""max_depth"": 1, ""n_estimators"": 1130, ""reg_alpha"": 0.35792072062976754, ""reg_lambda"": 2.1801656944883434, ""subsample"": 0.7627507788715927}",PRUNED
67,0.1925689131802171,2026-09-19 12:14:59.604727,2026-09-19 12:15:00.152683,0 days 00:00:00.547956,0.5443956013920749,0.027503020688116032,1,1015,0.8899612890800681,2.0100730452102686,0.7272568317662753,"{""colsample_bytree"": 0.5443956013920749, ""learning_rate"": 0.027503020688116032, ""max_depth"": 1, ""n_estimators"": 1015, ""reg_alpha"": 0.8899612890800681, ""reg_lambda"": 2.0100730452102686, ""subsample"": 0.7272568317662753}",PRUNED
68,0.19122899030368162,2026-09-19 12:15:00.152683,2026-09-19 12:15:00.777328,0 days 00:00:00.624645,0.5846116736757832,0.015464058238381028,1,1123,0.25247600125032327,2.547607128488951,0.7336533485450081,"{""colsample_bytree"": 0.5846116736757832, ""learning_rate"": 0.015464058238381028, ""max_depth"": 1, ""n_estimators"": 1123, ""reg_alpha"": 0.25247600125032327, ""reg_lambda"": 2.547607128488951, ""subsample"": 0.7336533485450081}",PRUNED
69,0.1946709493062422,2026-09-19 12:15:00.777328,2026-09-19 12:15:01.404611,0 days 00:00:00.627283,0.5846635896345465,0.021999738663567275,1,1139,0.28396504079385687,2.805196151046863,0.7743185997710748,"{""colsample_bytree"": 0.5846635896345465, ""learning_rate"": 0.021999738663567275, ""max_depth"": 1, ""n_estimators"": 1139, ""reg_alpha"": 0.28396504079385687, ""reg_lambda"": 2.805196151046863, ""subsample"": 0.7743185997710748}",PRUNED
70,0.19265854239154706,2026-09-19 12:15:01.404611,2026-09-19 12:15:02.073890,0 days 00:00:00.669279,0.5419041481289478,0.016197092424115725,2,966,0.35898047427289637,2.7773924992945895,0.8048271292511151,"{""colsample_bytree"": 0.5419041481289478, ""learning_rate"": 0.016197092424115725, ""max_depth"": 2, ""n_estimators"": 966, ""reg_alpha"": 0.35898047427289637, ""reg_lambda"": 2.7773924992945895, ""subsample"": 0.8048271292511151}",PRUNED
71,0.19190694127961763,2026-09-19 12:15:02.073890,2026-09-19 12:15:02.637124,0 days 00:00:00.563234,0.511738932982688,0.0175690926362613,1,1037,0.06337305106641411,2.8351091381834364,0.7999544950082942,"{""colsample_bytree"": 0.511738932982688, ""learning_rate"": 0.0175690926362613, ""max_depth"": 1, ""n_estimators"": 1037, ""reg_alpha"": 0.06337305106641411, ""reg_lambda"": 2.8351091381834364, ""subsample"": 0.7999544950082942}",PRUNED
72,0.19387614200291153,2026-09-19 12:15:02.637124,2026-09-19 12:15:03.192502,0 days 00:00:00.555378,0.5080983215609435,0.02658367574125811,1,1005,0.41414468880358,2.8627696215723835,0.7648227352790021,"{""colsample_bytree"": 0.5080983215609435, ""learning_rate"": 0.02658367574125811, ""max_depth"": 1, ""n_estimators"": 1005, ""reg_alpha"": 0.41414468880358, ""reg_lambda"": 2.8627696215723835, ""subsample"": 0.7648227352790021}",PRUNED
73,0.27186945034709653,2026-09-19 12:15:03.192502,2026-09-19 12:15:05.834732,0 days 00:00:02.642230,0.5642217151374415,0.02113440494575593,1,927,0.3308429521111733,2.8920101651965284,0.6983722522388484,"{""colsample_bytree"": 0.5642217151374415, ""learning_rate"": 0.02113440494575593, ""max_depth"": 1, ""n_estimators"": 927, ""reg_alpha"": 0.3308429521111733, ""reg_lambda"": 2.8920101651965284, ""subsample"": 0.6983722522388484}",COMPLETE
74,0.18982955926384976,2026-09-19 12:15:05.834732,2026-09-19 12:15:06.367814,0 days 00:00:00.533082,0.5564024868021009,0.02985755361212499,1,963,0.34029486508517337,2.3034268453358995,0.7562220411487115,"{""colsample_bytree"": 0.5564024868021009, ""learning_rate"": 0.02985755361212499, ""max_depth"": 1, ""n_estimators"": 963, ""reg_alpha"": 0.34029486508517337, ""reg_lambda"": 2.3034268453358995, ""subsample"": 0.7562220411487115}",PRUNED
75,0.26922728273653157,2026-09-19 12:15:06.368813,2026-09-19 12:15:10.117058,0 days 00:00:03.748245,0.506066087498656,0.013614860107915348,2,1015,0.08321651712578423,2.6343287836424016,0.6887999153724434,"{""colsample_bytree"": 0.506066087498656, ""learning_rate"": 0.013614860107915348, ""max_depth"": 2, ""n_estimators"": 1015, ""reg_alpha"": 0.08321651712578423, ""reg_lambda"": 2.6343287836424016, ""subsample"": 0.6887999153724434}",COMPLETE
76,0.2752441657277146,2026-09-19 12:15:10.118058,2026-09-19 12:15:12.678960,0 days 00:00:02.560902,0.5195777595691491,0.0233145463904139,1,928,0.7220137187502591,2.471933507190443,0.7606800679729733,"{""colsample_bytree"": 0.5195777595691491, ""learning_rate"": 0.0233145463904139, ""max_depth"": 1, ""n_estimators"": 928, ""reg_alpha"": 0.7220137187502591, ""reg_lambda"": 2.471933507190443, ""subsample"": 0.7606800679729733}",COMPLETE
77,0.18672710796361758,2026-09-19 12:15:12.678960,2026-09-19 12:15:13.403368,0 days 00:00:00.724408,0.509155632530448,0.023506647865851167,2,989,0.7901808374392101,2.6494789636956133,0.7984822497389973,"{""colsample_bytree"": 0.509155632530448, ""learning_rate"": 0.023506647865851167, ""max_depth"": 2, ""n_estimators"": 989, ""reg_alpha"": 0.7901808374392101, ""reg_lambda"": 2.6494789636956133, ""subsample"": 0.7984822497389973}",PRUNED
78,0.19422158079080543,2026-09-19 12:15:13.403368,2026-09-19 12:15:13.993595,0 days 00:00:00.590227,0.5745903685352851,0.01859971884123697,1,1058,0.37200088615361526,2.0381496597207898,0.7250834584026846,"{""colsample_bytree"": 0.5745903685352851, ""learning_rate"": 0.01859971884123697, ""max_depth"": 1, ""n_estimators"": 1058, ""reg_alpha"": 0.37200088615361526, ""reg_lambda"": 2.0381496597207898, ""subsample"": 0.7250834584026846}",PRUNED
79,0.2724335362344653,2026-09-19 12:15:13.993595,2026-09-19 12:15:16.895521,0 days 00:00:02.901926,0.6184794791289919,0.017014581579670958,1,1041,0.5613258417480462,2.878746529297554,0.7717243257840156,"{""colsample_bytree"": 0.6184794791289919, ""learning_rate"": 0.017014581579670958, ""max_depth"": 1, ""n_estimators"": 1041, ""reg_alpha"": 0.5613258417480462, ""reg_lambda"": 2.878746529297554, ""subsample"": 0.7717243257840156}",COMPLETE
80,0.27275983999906217,2026-09-19 12:15:16.895521,2026-09-19 12:15:19.158722,0 days 00:00:02.263201,0.5506921334916158,0.022632630026857156,1,866,0.19513729257641327,2.5144511904457336,0.7636450888879435,"{""colsample_bytree"": 0.5506921334916158, ""learning_rate"": 0.022632630026857156, ""max_depth"": 1, ""n_estimators"": 866, ""reg_alpha"": 0.19513729257641327, ""reg_lambda"": 2.5144511904457336, ""subsample"": 0.7636450888879435}",COMPLETE
81,0.2353064565243202,2026-09-19 12:15:19.158722,2026-09-19 12:15:20.166303,0 days 00:00:01.007581,0.5495568599153886,0.01757239413202748,1,978,0.049757381611344464,2.456327152438649,0.7774902661304606,"{""colsample_bytree"": 0.5495568599153886, ""learning_rate"": 0.01757239413202748, ""max_depth"": 1, ""n_estimators"": 978, ""reg_alpha"": 0.049757381611344464, ""reg_lambda"": 2.456327152438649, ""subsample"": 0.7774902661304606}",PRUNED
82,0.1885532111835694,2026-09-19 12:15:20.166303,2026-09-19 12:15:20.902774,0 days 00:00:00.736471,0.5179354192808697,0.030722000735704677,2,980,0.7217832582402508,2.2103624604581693,0.7613598765769992,"{""colsample_bytree"": 0.5179354192808697, ""learning_rate"": 0.030722000735704677, ""max_depth"": 2, ""n_estimators"": 980, ""reg_alpha"": 0.7217832582402508, ""reg_lambda"": 2.2103624604581693, ""subsample"": 0.7613598765769992}",PRUNED
83,0.27447888049514824,2026-09-19 12:15:20.902774,2026-09-19 12:15:23.612594,0 days 00:00:02.709820,0.5129529587126526,0.023330359513071903,1,999,0.7137726458930618,3.1834777257297606,0.7932991198623994,"{""colsample_bytree"": 0.5129529587126526, ""learning_rate"": 0.023330359513071903, ""max_depth"": 1, ""n_estimators"": 999, ""reg_alpha"": 0.7137726458930618, ""reg_lambda"": 3.1834777257297606, ""subsample"": 0.7932991198623994}",COMPLETE
84,0.23507159876719144,2026-09-19 12:15:23.612594,2026-09-19 12:15:24.704665,0 days 00:00:01.092071,0.5261316215470329,0.01663983958083275,1,1006,0.5270756171801915,2.989024439440247,0.7852018953692351,"{""colsample_bytree"": 0.5261316215470329, ""learning_rate"": 0.01663983958083275, ""max_depth"": 1, ""n_estimators"": 1006, ""reg_alpha"": 0.5270756171801915, ""reg_lambda"": 2.989024439440247, ""subsample"": 0.7852018953692351}",PRUNED
85,0.2739500858523729,2026-09-19 12:15:24.704665,2026-09-19 12:15:27.471776,0 days 00:00:02.767111,0.5531852242079106,0.01884627970016285,1,1064,1.0834435672866276,2.658784468033437,0.7572602450873708,"{""colsample_bytree"": 0.5531852242079106, ""learning_rate"": 0.01884627970016285, ""max_depth"": 1, ""n_estimators"": 1064, ""reg_alpha"": 1.0834435672866276, ""reg_lambda"": 2.658784468033437, ""subsample"": 0.7572602450873708}",COMPLETE
86,0.19083385656423224,2026-09-19 12:15:27.471776,2026-09-19 12:15:28.222118,0 days 00:00:00.750342,0.5593704368871094,0.020807454297007956,2,980,0.5958840228524203,2.492528451230467,0.7485349911171295,"{""colsample_bytree"": 0.5593704368871094, ""learning_rate"": 0.020807454297007956, ""max_depth"": 2, ""n_estimators"": 980, ""reg_alpha"": 0.5958840228524203, ""reg_lambda"": 2.492528451230467, ""subsample"": 0.7485349911171295}",PRUNED
87,0.18970587217562884,2026-09-19 12:15:28.222118,2026-09-19 12:15:28.914235,0 days 00:00:00.692117,0.5379783501444328,0.022187645355487343,2,920,0.7610665066716755,2.474818075672609,0.7814051422291174,"{""colsample_bytree"": 0.5379783501444328, ""learning_rate"": 0.022187645355487343, ""max_depth"": 2, ""n_estimators"": 920, ""reg_alpha"": 0.7610665066716755, ""reg_lambda"": 2.474818075672609, ""subsample"": 0.7814051422291174}",PRUNED
88,0.23517601644818598,2026-09-19 12:15:28.914235,2026-09-19 12:15:29.967075,0 days 00:00:01.052840,0.5391291714653237,0.015761493282515627,1,954,0.537695460557702,2.5510004831220354,0.7796372728106344,"{""colsample_bytree"": 0.5391291714653237, ""learning_rate"": 0.015761493282515627, ""max_depth"": 1, ""n_estimators"": 954, ""reg_alpha"": 0.537695460557702, ""reg_lambda"": 2.5510004831220354, ""subsample"": 0.7796372728106344}",PRUNED
89,0.18832057598352858,2026-09-19 12:15:29.967075,2026-09-19 12:15:30.853593,0 days 00:00:00.886518,0.5047468707455556,0.024796042803409166,2,987,0.18786511358934388,2.7092432669547497,0.8135490255609537,"{""colsample_bytree"": 0.5047468707455556, ""learning_rate"": 0.024796042803409166, ""max_depth"": 2, ""n_estimators"": 987, ""reg_alpha"": 0.18786511358934388, ""reg_lambda"": 2.7092432669547497, ""subsample"": 0.8135490255609537}",PRUNED
90,0.2741986637290604,2026-09-19 12:15:30.853593,2026-09-19 12:15:33.640426,0 days 00:00:02.786833,0.5780295084469581,0.026870574020601997,1,935,0.7142167743001151,2.640372911215913,0.7875215522108628,"{""colsample_bytree"": 0.5780295084469581, ""learning_rate"": 0.026870574020601997, ""max_depth"": 1, ""n_estimators"": 935, ""reg_alpha"": 0.7142167743001151, ""reg_lambda"": 2.640372911215913, ""subsample"": 0.7875215522108628}",COMPLETE
91,0.2744360861834294,2026-09-19 12:15:33.640426,2026-09-19 12:15:36.628871,0 days 00:00:02.988445,0.5214430004256198,0.019875404472119173,1,945,0.669970867939297,2.9545188195176815,0.7920756213875746,"{""colsample_bytree"": 0.5214430004256198, ""learning_rate"": 0.019875404472119173, ""max_depth"": 1, ""n_estimators"": 945, ""reg_alpha"": 0.669970867939297, ""reg_lambda"": 2.9545188195176815, ""subsample"": 0.7920756213875746}",COMPLETE
92,0.27550682327277237,2026-09-19 12:15:36.628871,2026-09-19 12:15:39.383600,0 days 00:00:02.754729,0.5241538896391176,0.021843799200597043,1,945,0.5538007910102346,2.0367858555595024,0.7604450566031061,"{""colsample_bytree"": 0.5241538896391176, ""learning_rate"": 0.021843799200597043, ""max_depth"": 1, ""n_estimators"": 945, ""reg_alpha"": 0.5538007910102346, ""reg_lambda"": 2.0367858555595024, ""subsample"": 0.7604450566031061}",COMPLETE
93,0.274928475020271,2026-09-19 12:15:39.383600,2026-09-19 12:15:42.037746,0 days 00:00:02.654146,0.5411168870077556,0.02375220775172981,1,1020,0.5956645368395088,2.5313488231798416,0.7862552894353206,"{""colsample_bytree"": 0.5411168870077556, ""learning_rate"": 0.02375220775172981, ""max_depth"": 1, ""n_estimators"": 1020, ""reg_alpha"": 0.5956645368395088, ""reg_lambda"": 2.5313488231798416, ""subsample"": 0.7862552894353206}",COMPLETE
94,0.2731367244649664,2026-09-19 12:15:42.037746,2026-09-19 12:15:44.497573,0 days 00:00:02.459827,0.527886021528218,0.02645897118377234,1,896,0.6756017547224353,2.8033591389873473,0.7821116075958727,"{""colsample_bytree"": 0.527886021528218, ""learning_rate"": 0.02645897118377234, ""max_depth"": 1, ""n_estimators"": 896, ""reg_alpha"": 0.6756017547224353, ""reg_lambda"": 2.8033591389873473, ""subsample"": 0.7821116075958727}",COMPLETE
95,0.19476170279944285,2026-09-19 12:15:44.497573,2026-09-19 12:15:45.001728,0 days 00:00:00.504155,0.5203814656282172,0.01900030190905484,1,922,0.8030823679199914,2.047623707439729,0.7554392331092913,"{""colsample_bytree"": 0.5203814656282172, ""learning_rate"": 0.01900030190905484, ""max_depth"": 1, ""n_estimators"": 922, ""reg_alpha"": 0.8030823679199914, ""reg_lambda"": 2.047623707439729, ""subsample"": 0.7554392331092913}",PRUNED
96,0.19579855446152297,2026-09-19 12:15:45.001728,2026-09-19 12:15:45.498223,0 days 00:00:00.496495,0.5483074153214158,0.0270291109227352,1,942,0.6385797635467789,2.5971966809920453,0.795450386661998,"{""colsample_bytree"": 0.5483074153214158, ""learning_rate"": 0.0270291109227352, ""max_depth"": 1, ""n_estimators"": 942, ""reg_alpha"": 0.6385797635467789, ""reg_lambda"": 2.5971966809920453, ""subsample"": 0.795450386661998}",PRUNED
97,0.27567398354491196,2026-09-19 12:15:45.498223,2026-09-19 12:15:48.116320,0 days 00:00:02.618097,0.5149521115708992,0.025902942624993913,1,951,0.7821442959544054,2.2165177619615823,0.792259193833762,"{""colsample_bytree"": 0.5149521115708992, ""learning_rate"": 0.025902942624993913, ""max_depth"": 1, ""n_estimators"": 951, ""reg_alpha"": 0.7821442959544054, ""reg_lambda"": 2.2165177619615823, ""subsample"": 0.792259193833762}",COMPLETE
98,0.2734027783782414,2026-09-19 12:15:48.116320,2026-09-19 12:15:50.894752,0 days 00:00:02.778432,0.5054223740344119,0.024265879299606573,1,1019,0.9175761430014755,2.0641518407713213,0.7702262931314059,"{""colsample_bytree"": 0.5054223740344119, ""learning_rate"": 0.024265879299606573, ""max_depth"": 1, ""n_estimators"": 1019, ""reg_alpha"": 0.9175761430014755, ""reg_lambda"": 2.0641518407713213, ""subsample"": 0.7702262931314059}",COMPLETE
99,0.1954589763977218,2026-09-19 12:15:50.894752,2026-09-19 12:15:51.432152,0 days 00:00:00.537400,0.5401352657782768,0.019253793580440763,1,958,0.8358784939382069,2.3286597925933012,0.7858903531237315,"{""colsample_bytree"": 0.5401352657782768, ""learning_rate"": 0.019253793580440763, ""max_depth"": 1, ""n_estimators"": 958, ""reg_alpha"": 0.8358784939382069, ""reg_lambda"": 2.3286597925933012, ""subsample"": 0.7858903531237315}",PRUNED
