number,value,datetime_start,datetime_complete,duration,params_colsample_bytree,params_learning_rate,params_max_depth,params_n_estimators,params_reg_alpha,params_reg_lambda,params_subsample,system_attrs_tpe:relative_params:0,state
0,0.22816624101272068,2026-09-19 11:52:46.037494,2026-09-19 11:52:55.248308,0 days 00:00:09.210814,0.5780093202212182,0.2536999076681772,9,574,0.7799726016810132,0.2904180608409973,0.8394633936788146,,COMPLETE
1,0.24492582453452066,2026-09-19 11:52:55.248308,2026-09-19 11:53:16.571152,0 days 00:00:21.322844,0.9849549260809971,0.07725378389307355,9,1067,4.162213204002109,1.0616955533913808,0.608233797718321,,COMPLETE
2,0.2569065679380566,2026-09-19 11:53:16.571152,2026-09-19 11:53:23.589927,0 days 00:00:07.018775,0.7159725093210578,0.018659959624904916,4,382,1.4561457009902097,3.0592644736118975,0.8099025726528951,,COMPLETE
3,0.2533890883493931,2026-09-19 11:53:23.589927,2026-09-19 11:53:33.619219,0 days 00:00:10.029292,0.8925879806965068,0.027010527749605478,5,339,0.9983689107917987,2.571172192068058,0.7824279936868144,,COMPLETE
4,0.23367916646179493,2026-09-19 11:53:33.619219,2026-09-19 11:54:07.859357,0 days 00:00:34.240138,0.5325257964926398,0.011711509955524094,8,793,4.7444276862666666,4.828160165372797,0.6682096494749166,,COMPLETE
5,0.26917520077884954,2026-09-19 11:54:07.859357,2026-09-19 11:54:17.132916,0 days 00:00:09.273559,0.7200762468698007,0.028180680291847244,2,1009,0.6101911742238941,2.475884550556351,0.8736932106048627,,COMPLETE
6,0.20441933650134064,2026-09-19 11:54:17.132916,2026-09-19 11:54:18.083880,0 days 00:00:00.950964,0.6558555380447055,0.22038218939289875,4,234,2.600340105889054,2.7335513967163982,0.8650089137415928,,PRUNED
7,0.2106939756572882,2026-09-19 11:54:18.083880,2026-09-19 11:54:19.920732,0 days 00:00:01.836852,0.9474136752138245,0.27051668818999286,10,385,2.9894998940554256,4.609371175115584,0.9757995766256756,,PRUNED
8,0.2567439485508781,2026-09-19 11:54:19.920732,2026-09-19 11:54:21.800829,0 days 00:00:01.880097,0.6943386448447411,0.01947558230629543,1,288,1.3567451588694794,4.143687545759647,0.7301321323053057,,COMPLETE
9,0.22435670611673866,2026-09-19 11:54:21.800829,2026-09-19 11:54:27.517846,0 days 00:00:05.717017,0.9010984903770198,0.026000059117302653,7,557,0.3727532183988541,4.9344346830025865,0.6563696899899051,,PRUNED
10,0.2790014948836971,2026-09-19 11:54:27.517846,2026-09-19 11:54:37.031570,0 days 00:00:09.513724,0.5200027144926168,0.015730268965172486,2,875,1.5971862862734376,3.068884469957136,0.9309770352075754,"{""colsample_bytree"": 0.5200027144926168, ""learning_rate"": 0.015730268965172486, ""max_depth"": 2, ""n_estimators"": 875, ""reg_alpha"": 1.5971862862734376, ""reg_lambda"": 3.068884469957136, ""subsample"": 0.9309770352075754}",COMPLETE
11,0.23173488971811235,2026-09-19 11:54:37.031570,2026-09-19 11:54:42.481226,0 days 00:00:05.449656,0.7865397439891056,0.02233386036443739,4,954,1.7529587340139539,2.861578408812748,0.902524692926056,"{""colsample_bytree"": 0.7865397439891056, ""learning_rate"": 0.02233386036443739, ""max_depth"": 4, ""n_estimators"": 954, ""reg_alpha"": 1.7529587340139539, ""reg_lambda"": 2.861578408812748, ""subsample"": 0.902524692926056}",PRUNED
12,0.2668140363627861,2026-09-19 11:54:42.481226,2026-09-19 11:54:51.334581,0 days 00:00:08.853355,0.6620159254353696,0.013192186911694324,1,915,2.5388876758155776,3.526541723221425,0.9531244448719158,"{""colsample_bytree"": 0.6620159254353696, ""learning_rate"": 0.013192186911694324, ""max_depth"": 1, ""n_estimators"": 915, ""reg_alpha"": 2.5388876758155776, ""reg_lambda"": 3.526541723221425, ""subsample"": 0.9531244448719158}",COMPLETE
13,0.28599292257598596,2026-09-19 11:54:51.334581,2026-09-19 11:54:56.526642,0 days 00:00:05.192061,0.5473093764327052,0.020491680263210372,1,794,0.7102491628427612,1.2147980930458089,0.8756724349294963,"{""colsample_bytree"": 0.5473093764327052, ""learning_rate"": 0.020491680263210372, ""max_depth"": 1, ""n_estimators"": 794, ""reg_alpha"": 0.7102491628427612, ""reg_lambda"": 1.2147980930458089, ""subsample"": 0.8756724349294963}",COMPLETE
14,0.27341564466302437,2026-09-19 11:54:56.526642,2026-09-19 11:54:59.520717,0 days 00:00:02.994075,0.6087209967041656,0.03240808072555109,2,611,0.6367262548225073,0.9963762738120238,0.916895549506173,"{""colsample_bytree"": 0.6087209967041656, ""learning_rate"": 0.03240808072555109, ""max_depth"": 2, ""n_estimators"": 611, ""reg_alpha"": 0.6367262548225073, ""reg_lambda"": 0.9963762738120238, ""subsample"": 0.916895549506173}",COMPLETE
15,0.2587180663513252,2026-09-19 11:54:59.520717,2026-09-19 11:55:01.102200,0 days 00:00:01.581483,0.524242916138803,0.015933731097813757,4,716,1.7861625873564042,4.3363147555968,0.8675314786510497,"{""colsample_bytree"": 0.524242916138803, ""learning_rate"": 0.015933731097813757, ""max_depth"": 4, ""n_estimators"": 716, ""reg_alpha"": 1.7861625873564042, ""reg_lambda"": 4.3363147555968, ""subsample"": 0.8675314786510497}",PRUNED
16,0.2805112889026551,2026-09-19 11:55:01.102200,2026-09-19 11:55:06.648784,0 days 00:00:05.546584,0.6704911651129,0.02256801305850424,1,898,2.044859757960897,0.3227141871163911,0.9514987779202855,"{""colsample_bytree"": 0.6704911651129, ""learning_rate"": 0.02256801305850424, ""max_depth"": 1, ""n_estimators"": 898, ""reg_alpha"": 2.044859757960897, ""reg_lambda"": 0.3227141871163911, ""subsample"": 0.9514987779202855}",COMPLETE
17,0.27520134822843156,2026-09-19 11:55:06.648784,2026-09-19 11:55:11.100635,0 days 00:00:04.451851,0.6430188357034786,0.011021198091126101,1,862,1.5837912331907686,0.726560402875958,0.8813226931058116,"{""colsample_bytree"": 0.6430188357034786, ""learning_rate"": 0.011021198091126101, ""max_depth"": 1, ""n_estimators"": 862, ""reg_alpha"": 1.5837912331907686, ""reg_lambda"": 0.726560402875958, ""subsample"": 0.8813226931058116}",COMPLETE
18,0.25665350262869563,2026-09-19 11:55:11.100635,2026-09-19 11:55:11.956174,0 days 00:00:00.855539,0.6521992674801875,0.02798292353582959,2,782,1.8265558289226766,0.8328469667099988,0.77975402181315,"{""colsample_bytree"": 0.6521992674801875, ""learning_rate"": 0.02798292353582959, ""max_depth"": 2, ""n_estimators"": 782, ""reg_alpha"": 1.8265558289226766, ""reg_lambda"": 0.8328469667099988, ""subsample"": 0.77975402181315}",PRUNED
19,0.279130430588227,2026-09-19 11:55:11.956174,2026-09-19 11:55:15.768150,0 days 00:00:03.811976,0.6703521438420408,0.036694237616492126,1,909,2.988735867666876,1.4325242485593854,0.9544452938591066,"{""colsample_bytree"": 0.6703521438420408, ""learning_rate"": 0.036694237616492126, ""max_depth"": 1, ""n_estimators"": 909, ""reg_alpha"": 2.988735867666876, ""reg_lambda"": 1.4325242485593854, ""subsample"": 0.9544452938591066}",COMPLETE
20,0.27133505071951325,2026-09-19 11:55:15.768150,2026-09-19 11:55:20.081587,0 days 00:00:04.313437,0.725727323862752,0.01529333807731758,2,713,0.9956605796266211,0.45404594712627255,0.9841343837812312,"{""colsample_bytree"": 0.725727323862752, ""learning_rate"": 0.01529333807731758, ""max_depth"": 2, ""n_estimators"": 713, ""reg_alpha"": 0.9956605796266211, ""reg_lambda"": 0.45404594712627255, ""subsample"": 0.9841343837812312}",COMPLETE
21,0.28045060130339283,2026-09-19 11:55:20.081587,2026-09-19 11:55:22.923823,0 days 00:00:02.842236,0.5491977494779607,0.023659612940657892,1,838,2.740510738911364,1.5877839082539962,0.8379631625230074,"{""colsample_bytree"": 0.5491977494779607, ""learning_rate"": 0.023659612940657892, ""max_depth"": 1, ""n_estimators"": 838, ""reg_alpha"": 2.740510738911364, ""reg_lambda"": 1.5877839082539962, ""subsample"": 0.8379631625230074}",COMPLETE
22,0.28605874498569156,2026-09-19 11:55:22.923823,2026-09-19 11:55:26.701021,0 days 00:00:03.777198,0.6413816873145166,0.027275216062083284,1,1156,0.9459726152647139,0.936117278246919,0.9777330610026697,"{""colsample_bytree"": 0.6413816873145166, ""learning_rate"": 0.027275216062083284, ""max_depth"": 1, ""n_estimators"": 1156, ""reg_alpha"": 0.9459726152647139, ""reg_lambda"": 0.936117278246919, ""subsample"": 0.9777330610026697}",COMPLETE
23,0.21972675983624315,2026-09-19 11:55:26.701021,2026-09-19 11:55:29.753220,0 days 00:00:03.052199,0.6417303089686304,0.02166569286825079,5,1021,1.5728734827849167,1.0849583087156882,0.9463386384572322,"{""colsample_bytree"": 0.6417303089686304, ""learning_rate"": 0.02166569286825079, ""max_depth"": 5, ""n_estimators"": 1021, ""reg_alpha"": 1.5728734827849167, ""reg_lambda"": 1.0849583087156882, ""subsample"": 0.9463386384572322}",PRUNED
24,0.28705304217124944,2026-09-19 11:55:29.753220,2026-09-19 11:55:33.715879,0 days 00:00:03.962659,0.669685172876755,0.01809204846208069,1,1159,0.7724275058589396,0.38310053881091183,0.9199580079415461,"{""colsample_bytree"": 0.669685172876755, ""learning_rate"": 0.01809204846208069, ""max_depth"": 1, ""n_estimators"": 1159, ""reg_alpha"": 0.7724275058589396, ""reg_lambda"": 0.38310053881091183, ""subsample"": 0.9199580079415461}",COMPLETE
25,0.2037118776726976,2026-09-19 11:55:33.715879,2026-09-19 11:55:35.533596,0 days 00:00:01.817717,0.6564798024770009,0.045219235698622955,3,1121,1.5557874034056702,0.16834241927337856,0.9218433609934686,"{""colsample_bytree"": 0.6564798024770009, ""learning_rate"": 0.045219235698622955, ""max_depth"": 3, ""n_estimators"": 1121, ""reg_alpha"": 1.5557874034056702, ""reg_lambda"": 0.16834241927337856, ""subsample"": 0.9218433609934686}",PRUNED
26,0.26144587737611524,2026-09-19 11:55:35.533596,2026-09-19 11:55:36.612758,0 days 00:00:01.079162,0.5469735598947314,0.01910124945520398,2,885,0.8015650471495301,0.006368752007111511,0.926633610755878,"{""colsample_bytree"": 0.5469735598947314, ""learning_rate"": 0.01910124945520398, ""max_depth"": 2, ""n_estimators"": 885, ""reg_alpha"": 0.8015650471495301, ""reg_lambda"": 0.006368752007111511, ""subsample"": 0.926633610755878}",PRUNED
27,0.25852318101524885,2026-09-19 11:55:36.613761,2026-09-19 11:55:38.131209,0 days 00:00:01.517448,0.5335287839943046,0.018068525351602027,3,1047,0.6236068849640228,0.9711955265540795,0.9638768075930014,"{""colsample_bytree"": 0.5335287839943046, ""learning_rate"": 0.018068525351602027, ""max_depth"": 3, ""n_estimators"": 1047, ""reg_alpha"": 0.6236068849640228, ""reg_lambda"": 0.9711955265540795, ""subsample"": 0.9638768075930014}",PRUNED
28,0.2799442088300884,2026-09-19 11:55:38.131209,2026-09-19 11:55:41.026963,0 days 00:00:02.895754,0.6401060054818073,0.01697596224747962,1,826,0.7770557161271363,1.5930657681074463,0.9467893792410176,"{""colsample_bytree"": 0.6401060054818073, ""learning_rate"": 0.01697596224747962, ""max_depth"": 1, ""n_estimators"": 826, ""reg_alpha"": 0.7770557161271363, ""reg_lambda"": 1.5930657681074463, ""subsample"": 0.9467893792410176}",COMPLETE
29,0.25459558146469236,2026-09-19 11:55:41.026963,2026-09-19 11:55:41.873851,0 days 00:00:00.846888,0.5680612479750812,0.03294499182750691,2,1017,1.82704374811593,1.0147323017880503,0.9321484628205836,"{""colsample_bytree"": 0.5680612479750812, ""learning_rate"": 0.03294499182750691, ""max_depth"": 2, ""n_estimators"": 1017, ""reg_alpha"": 1.82704374811593, ""reg_lambda"": 1.0147323017880503, ""subsample"": 0.9321484628205836}",PRUNED
30,0.21142238555475698,2026-09-19 11:55:41.873851,2026-09-19 11:55:43.502878,0 days 00:00:01.629027,0.6518045053762217,0.05601487275810667,3,1188,0.9016187803749973,1.312582146753236,0.9595979568719387,"{""colsample_bytree"": 0.6518045053762217, ""learning_rate"": 0.05601487275810667, ""max_depth"": 3, ""n_estimators"": 1188, ""reg_alpha"": 0.9016187803749973, ""reg_lambda"": 1.312582146753236, ""subsample"": 0.9595979568719387}",PRUNED
31,0.2798615249083377,2026-09-19 11:55:43.502878,2026-09-19 11:55:52.633259,0 days 00:00:09.130381,0.6072292701172031,0.011202388226735477,2,1108,1.7412226471325605,1.0216556715486522,0.9070931621846374,"{""colsample_bytree"": 0.6072292701172031, ""learning_rate"": 0.011202388226735477, ""max_depth"": 2, ""n_estimators"": 1108, ""reg_alpha"": 1.7412226471325605, ""reg_lambda"": 1.0216556715486522, ""subsample"": 0.9070931621846374}",COMPLETE
32,0.2839527760034721,2026-09-19 11:55:52.633259,2026-09-19 11:55:56.680129,0 days 00:00:04.046870,0.6134273792070384,0.024481754930991986,1,1130,2.131758326210851,0.15766130698796377,0.9184924663035859,"{""colsample_bytree"": 0.6134273792070384, ""learning_rate"": 0.024481754930991986, ""max_depth"": 1, ""n_estimators"": 1130, ""reg_alpha"": 2.131758326210851, ""reg_lambda"": 0.15766130698796377, ""subsample"": 0.9184924663035859}",COMPLETE
33,0.2720639807436361,2026-09-19 11:55:56.680129,2026-09-19 11:55:59.919046,0 days 00:00:03.238917,0.612416434949644,0.01823219582051592,2,1165,1.028143999334863,0.3759450087412597,0.9462203128612212,"{""colsample_bytree"": 0.612416434949644, ""learning_rate"": 0.01823219582051592, ""max_depth"": 2, ""n_estimators"": 1165, ""reg_alpha"": 1.028143999334863, ""reg_lambda"": 0.3759450087412597, ""subsample"": 0.9462203128612212}",PRUNED
34,0.28489413360869775,2026-09-19 11:55:59.919046,2026-09-19 11:56:03.749164,0 days 00:00:03.830118,0.7010360941518303,0.026570028975807496,1,1045,1.0992182097372751,1.0013280483713463,0.9521255021150548,"{""colsample_bytree"": 0.7010360941518303, ""learning_rate"": 0.026570028975807496, ""max_depth"": 1, ""n_estimators"": 1045, ""reg_alpha"": 1.0992182097372751, ""reg_lambda"": 1.0013280483713463, ""subsample"": 0.9521255021150548}",COMPLETE
35,0.27110887207995044,2026-09-19 11:56:03.749164,2026-09-19 11:56:04.400822,0 days 00:00:00.651658,0.6254041807976994,0.04597530553301383,1,1030,0.9590653856930643,0.542762004081234,0.9753203601016792,"{""colsample_bytree"": 0.6254041807976994, ""learning_rate"": 0.04597530553301383, ""max_depth"": 1, ""n_estimators"": 1030, ""reg_alpha"": 0.9590653856930643, ""reg_lambda"": 0.542762004081234, ""subsample"": 0.9753203601016792}",PRUNED
36,0.2668338529349,2026-09-19 11:56:04.400822,2026-09-19 11:56:05.466270,0 days 00:00:01.065448,0.7836244347926151,0.02225866921982113,2,1160,0.746551598432144,0.9026152380608546,0.9021314475777752,"{""colsample_bytree"": 0.7836244347926151, ""learning_rate"": 0.02225866921982113, ""max_depth"": 2, ""n_estimators"": 1160, ""reg_alpha"": 0.746551598432144, ""reg_lambda"": 0.9026152380608546, ""subsample"": 0.9021314475777752}",PRUNED
37,0.2636180923527796,2026-09-19 11:56:05.467269,2026-09-19 11:56:06.166438,0 days 00:00:00.699169,0.5697768810151105,0.04445158232285087,1,1143,0.3908664563405755,0.26421728210909157,0.95835325700049,"{""colsample_bytree"": 0.5697768810151105, ""learning_rate"": 0.04445158232285087, ""max_depth"": 1, ""n_estimators"": 1143, ""reg_alpha"": 0.3908664563405755, ""reg_lambda"": 0.26421728210909157, ""subsample"": 0.95835325700049}",PRUNED
38,0.27846359352707245,2026-09-19 11:56:06.166438,2026-09-19 11:56:07.042291,0 days 00:00:00.875853,0.6772073637321795,0.011282765784747894,2,1004,0.39794660005641347,0.4270439543621636,0.926689738473814,"{""colsample_bytree"": 0.6772073637321795, ""learning_rate"": 0.011282765784747894, ""max_depth"": 2, ""n_estimators"": 1004, ""reg_alpha"": 0.39794660005641347, ""reg_lambda"": 0.4270439543621636, ""subsample"": 0.926689738473814}",PRUNED
39,0.27036473706229064,2026-09-19 11:56:07.042291,2026-09-19 11:56:07.915986,0 days 00:00:00.873695,0.5806361947605093,0.014615184475418415,2,998,0.3272427336341911,0.8986161601661039,0.8658460443267885,"{""colsample_bytree"": 0.5806361947605093, ""learning_rate"": 0.014615184475418415, ""max_depth"": 2, ""n_estimators"": 998, ""reg_alpha"": 0.3272427336341911, ""reg_lambda"": 0.8986161601661039, ""subsample"": 0.8658460443267885}",PRUNED
40,0.27680248176864136,2026-09-19 11:56:07.915986,2026-09-19 11:56:11.223299,0 days 00:00:03.307313,0.6585118862501832,0.01678690122433575,1,1020,2.286072940305295,0.3341524655881295,0.994481216848025,"{""colsample_bytree"": 0.6585118862501832, ""learning_rate"": 0.01678690122433575, ""max_depth"": 1, ""n_estimators"": 1020, ""reg_alpha"": 2.286072940305295, ""reg_lambda"": 0.3341524655881295, ""subsample"": 0.994481216848025}",COMPLETE
41,0.28026281446782375,2026-09-19 11:56:11.223299,2026-09-19 11:56:11.947435,0 days 00:00:00.724136,0.6314514330080055,0.028609158524975514,1,1187,0.470887094138561,1.1921339137606075,0.9998032610347077,"{""colsample_bytree"": 0.6314514330080055, ""learning_rate"": 0.028609158524975514, ""max_depth"": 1, ""n_estimators"": 1187, ""reg_alpha"": 0.470887094138561, ""reg_lambda"": 1.1921339137606075, ""subsample"": 0.9998032610347077}",PRUNED
42,0.28077178310766676,2026-09-19 11:56:11.947435,2026-09-19 11:56:15.933880,0 days 00:00:03.986445,0.6932221533029189,0.01303070792219635,1,1143,0.22933136999685744,0.5092229726120194,0.9812142519955633,"{""colsample_bytree"": 0.6932221533029189, ""learning_rate"": 0.01303070792219635, ""max_depth"": 1, ""n_estimators"": 1143, ""reg_alpha"": 0.22933136999685744, ""reg_lambda"": 0.5092229726120194, ""subsample"": 0.9812142519955633}",COMPLETE
43,0.23573967767404896,2026-09-19 11:56:15.933880,2026-09-19 11:56:16.868264,0 days 00:00:00.934384,0.6758103258311959,0.03381482603540681,2,1037,0.26898994936466303,0.11218102199800645,0.9994976137794389,"{""colsample_bytree"": 0.6758103258311959, ""learning_rate"": 0.03381482603540681, ""max_depth"": 2, ""n_estimators"": 1037, ""reg_alpha"": 0.26898994936466303, ""reg_lambda"": 0.11218102199800645, ""subsample"": 0.9994976137794389}",PRUNED
44,0.28131982998712357,2026-09-19 11:56:16.868264,2026-09-19 11:56:20.792300,0 days 00:00:03.924036,0.574633917207878,0.018333579178179498,1,1179,1.1490807707999264,1.3592202264999522,0.9678026255380147,"{""colsample_bytree"": 0.574633917207878, ""learning_rate"": 0.018333579178179498, ""max_depth"": 1, ""n_estimators"": 1179, ""reg_alpha"": 1.1490807707999264, ""reg_lambda"": 1.3592202264999522, ""subsample"": 0.9678026255380147}",COMPLETE
45,0.29166676813922054,2026-09-19 11:56:20.792300,2026-09-19 11:56:24.576582,0 days 00:00:03.784282,0.7364090637146299,0.017557203767493066,1,1094,0.33621192248439663,0.9091576390942002,0.8760224983049577,"{""colsample_bytree"": 0.7364090637146299, ""learning_rate"": 0.017557203767493066, ""max_depth"": 1, ""n_estimators"": 1094, ""reg_alpha"": 0.33621192248439663, ""reg_lambda"": 0.9091576390942002, ""subsample"": 0.8760224983049577}",COMPLETE
46,0.28792129730242666,2026-09-19 11:56:24.576582,2026-09-19 11:56:28.568422,0 days 00:00:03.991840,0.7189683945545754,0.02038572449382917,1,1191,1.2938995102202524,0.4781046180202399,0.8944969745428674,"{""colsample_bytree"": 0.7189683945545754, ""learning_rate"": 0.02038572449382917, ""max_depth"": 1, ""n_estimators"": 1191, ""reg_alpha"": 1.2938995102202524, ""reg_lambda"": 0.4781046180202399, ""subsample"": 0.8944969745428674}",COMPLETE
47,0.2900560683716457,2026-09-19 11:56:28.568422,2026-09-19 11:56:32.378790,0 days 00:00:03.810368,0.6603335712325519,0.016967636721839634,1,1188,0.5626697373695714,0.6339355505996305,0.8450269456750448,"{""colsample_bytree"": 0.6603335712325519, ""learning_rate"": 0.016967636721839634, ""max_depth"": 1, ""n_estimators"": 1188, ""reg_alpha"": 0.5626697373695714, ""reg_lambda"": 0.6339355505996305, ""subsample"": 0.8450269456750448}",COMPLETE
48,0.2826618496286904,2026-09-19 11:56:32.378790,2026-09-19 11:56:33.092826,0 days 00:00:00.714036,0.7477671613801327,0.026640405268511677,1,1062,0.6027536504530173,0.5708643062472436,0.9135613193991966,"{""colsample_bytree"": 0.7477671613801327, ""learning_rate"": 0.026640405268511677, ""max_depth"": 1, ""n_estimators"": 1062, ""reg_alpha"": 0.6027536504530173, ""reg_lambda"": 0.5708643062472436, ""subsample"": 0.9135613193991966}",PRUNED
49,0.27150039688757827,2026-09-19 11:56:33.092826,2026-09-19 11:56:34.156746,0 days 00:00:01.063920,0.7045340525287803,0.014180027818925182,2,1199,0.6688668060294922,0.4545744302450717,0.8734402380817082,"{""colsample_bytree"": 0.7045340525287803, ""learning_rate"": 0.014180027818925182, ""max_depth"": 2, ""n_estimators"": 1199, ""reg_alpha"": 0.6688668060294922, ""reg_lambda"": 0.4545744302450717, ""subsample"": 0.8734402380817082}",PRUNED
50,0.2879670770596466,2026-09-19 11:56:34.156746,2026-09-19 11:56:37.823100,0 days 00:00:03.666354,0.7461441659148478,0.018201756851600793,1,1031,0.32112806182509557,1.1126814339912523,0.8479510082264735,"{""colsample_bytree"": 0.7461441659148478, ""learning_rate"": 0.018201756851600793, ""max_depth"": 1, ""n_estimators"": 1031, ""reg_alpha"": 0.32112806182509557, ""reg_lambda"": 1.1126814339912523, ""subsample"": 0.8479510082264735}",COMPLETE
51,0.27044529535880407,2026-09-19 11:56:37.823100,2026-09-19 11:56:38.827907,0 days 00:00:01.004807,0.6758186096274268,0.02038539691906119,2,1103,1.2291980781449505,0.14878699875641066,0.8997974065069188,"{""colsample_bytree"": 0.6758186096274268, ""learning_rate"": 0.02038539691906119, ""max_depth"": 2, ""n_estimators"": 1103, ""reg_alpha"": 1.2291980781449505, ""reg_lambda"": 0.14878699875641066, ""subsample"": 0.8997974065069188}",PRUNED
52,0.27590111228573744,2026-09-19 11:56:38.827907,2026-09-19 11:56:40.173816,0 days 00:00:01.345909,0.7187714086334488,0.012422856077576138,2,1098,0.6676650641649049,0.2962618597188629,0.8365139921520772,"{""colsample_bytree"": 0.7187714086334488, ""learning_rate"": 0.012422856077576138, ""max_depth"": 2, ""n_estimators"": 1098, ""reg_alpha"": 0.6676650641649049, ""reg_lambda"": 0.2962618597188629, ""subsample"": 0.8365139921520772}",PRUNED
