number,value,datetime_start,datetime_complete,duration,params_colsample_bytree,params_learning_rate,params_max_depth,params_n_estimators,params_reg_alpha,params_reg_lambda,params_subsample,system_attrs_fixed_params,system_attrs_tpe:relative_params:0,state
0,0.2543034088452716,2026-09-19 21:50:13.974387,2026-09-19 21:50:17.414652,0 days 00:00:03.440265,0.5390090454315083,0.023902178662731973,1,997,0.9202492176282521,2.942080144851797,0.7932307973020875,"{'n_estimators': 997, 'learning_rate': 0.023902178662731973, 'max_depth': 1, 'subsample': 0.7932307973020875, 'colsample_bytree': 0.5390090454315083, 'reg_alpha': 0.9202492176282521, 'reg_lambda': 2.942080144851797}",,COMPLETE
1,0.19697313122385127,2026-09-19 21:50:17.414652,2026-09-19 21:50:22.618832,0 days 00:00:05.204180,0.5780093202212182,0.2536999076681772,9,574,0.7799726016810132,0.2904180608409973,0.8394633936788146,,,COMPLETE
2,0.22642812735024145,2026-09-19 21:50:22.618832,2026-09-19 21:50:36.181936,0 days 00:00:13.563104,0.9849549260809971,0.07725378389307355,9,1067,4.162213204002109,1.0616955533913808,0.608233797718321,,,COMPLETE
3,0.21950402938751018,2026-09-19 21:50:36.181936,2026-09-19 21:50:39.580529,0 days 00:00:03.398593,0.7159725093210578,0.018659959624904916,4,382,1.4561457009902097,3.0592644736118975,0.8099025726528951,,,COMPLETE
4,0.21733244134407625,2026-09-19 21:50:39.580529,2026-09-19 21:50:44.769937,0 days 00:00:05.189408,0.8925879806965068,0.027010527749605478,5,339,0.9983689107917987,2.571172192068058,0.7824279936868144,,,COMPLETE
5,0.23713411669201542,2026-09-19 21:50:44.769937,2026-09-19 21:51:10.407615,0 days 00:00:25.637678,0.5325257964926398,0.011711509955524094,8,793,4.7444276862666666,4.828160165372797,0.6682096494749166,,,COMPLETE
6,0.1724221631586989,2026-09-19 21:51:10.407615,2026-09-19 21:51:11.368082,0 days 00:00:00.960467,0.7200762468698007,0.028180680291847244,2,1009,0.6101911742238941,2.475884550556351,0.8736932106048627,,,PRUNED
7,0.172175627082085,2026-09-19 21:51:11.368082,2026-09-19 21:51:11.793685,0 days 00:00:00.425603,0.6558555380447055,0.22038218939289875,4,234,2.600340105889054,2.7335513967163982,0.8650089137415928,,,PRUNED
8,0.16170335669281205,2026-09-19 21:51:11.793685,2026-09-19 21:51:12.738572,0 days 00:00:00.944887,0.9474136752138245,0.27051668818999286,10,385,2.9894998940554256,4.609371175115584,0.9757995766256756,,,PRUNED
9,0.19072236287949218,2026-09-19 21:51:12.738572,2026-09-19 21:51:13.168130,0 days 00:00:00.429558,0.6943386448447411,0.01947558230629543,1,288,1.3567451588694794,4.143687545759647,0.7301321323053057,,,PRUNED
10,0.1708119730624573,2026-09-19 21:51:13.168130,2026-09-19 21:51:20.694775,0 days 00:00:07.526645,0.5347932177377854,0.013773977335445541,11,1102,0.03773659658146622,0.7613488583538435,0.8737239523738184,,"{""colsample_bytree"": 0.5347932177377854, ""learning_rate"": 0.013773977335445541, ""max_depth"": 11, ""n_estimators"": 1102, ""reg_alpha"": 0.03773659658146622, ""reg_lambda"": 0.7613488583538435, ""subsample"": 0.8737239523738184}",PRUNED
11,0.2358071526093834,2026-09-19 21:51:20.694775,2026-09-19 21:51:51.551312,0 days 00:00:30.856537,0.5981546428119182,0.0205453252867175,10,861,3.412869184899316,4.639135285755491,0.6735468362386879,,"{""colsample_bytree"": 0.5981546428119182, ""learning_rate"": 0.0205453252867175, ""max_depth"": 10, ""n_estimators"": 861, ""reg_alpha"": 3.412869184899316, ""reg_lambda"": 4.639135285755491, ""subsample"": 0.6735468362386879}",COMPLETE
12,0.2559782138822107,2026-09-19 21:51:51.551312,2026-09-19 21:51:54.981395,0 days 00:00:03.430083,0.5693527198349133,0.024497412317233878,1,1030,3.923765156026204,2.8342164888647816,0.7660531905875205,,"{""colsample_bytree"": 0.5693527198349133, ""learning_rate"": 0.024497412317233878, ""max_depth"": 1, ""n_estimators"": 1030, ""reg_alpha"": 3.923765156026204, ""reg_lambda"": 2.8342164888647816, ""subsample"": 0.7660531905875205}",COMPLETE
13,0.20689418481288047,2026-09-19 21:51:54.981395,2026-09-19 21:51:56.404754,0 days 00:00:01.423359,0.5123339947154314,0.010608486340948157,1,1067,1.925587697567837,2.5553997564792286,0.6983500650212877,,"{""colsample_bytree"": 0.5123339947154314, ""learning_rate"": 0.010608486340948157, ""max_depth"": 1, ""n_estimators"": 1067, ""reg_alpha"": 1.925587697567837, ""reg_lambda"": 2.5553997564792286, ""subsample"": 0.6983500650212877}",PRUNED
14,0.20556645555899392,2026-09-19 21:51:56.404754,2026-09-19 21:51:57.491008,0 days 00:00:01.086254,0.589916916357426,0.014263283354505888,1,771,1.7149928247387325,3.275967570321551,0.7068933429490019,,"{""colsample_bytree"": 0.589916916357426, ""learning_rate"": 0.014263283354505888, ""max_depth"": 1, ""n_estimators"": 771, ""reg_alpha"": 1.7149928247387325, ""reg_lambda"": 3.275967570321551, ""subsample"": 0.7068933429490019}",PRUNED
15,0.21880055024120337,2026-09-19 21:51:57.491008,2026-09-19 21:52:08.651272,0 days 00:00:11.160264,0.6380493485084094,0.03249214242425583,5,1065,1.622635222451085,2.897085234199237,0.7697644500358423,,"{""colsample_bytree"": 0.6380493485084094, ""learning_rate"": 0.03249214242425583, ""max_depth"": 5, ""n_estimators"": 1065, ""reg_alpha"": 1.622635222451085, ""reg_lambda"": 2.897085234199237, ""subsample"": 0.7697644500358423}",PRUNED
16,0.25310909972841183,2026-09-19 21:52:08.651272,2026-09-19 21:52:11.783135,0 days 00:00:03.131863,0.6359727537381105,0.017018691218583723,1,929,2.231176865082086,4.17810929038895,0.807564909589554,,"{""colsample_bytree"": 0.6359727537381105, ""learning_rate"": 0.017018691218583723, ""max_depth"": 1, ""n_estimators"": 929, ""reg_alpha"": 2.231176865082086, ""reg_lambda"": 4.17810929038895, ""subsample"": 0.807564909589554}",COMPLETE
17,0.25337587375373366,2026-09-19 21:52:11.783135,2026-09-19 21:52:15.141063,0 days 00:00:03.357928,0.5319729936644785,0.013488407577735397,1,1027,0.05473584226505768,2.8870721799232846,0.7974696392524061,,"{""colsample_bytree"": 0.5319729936644785, ""learning_rate"": 0.013488407577735397, ""max_depth"": 1, ""n_estimators"": 1027, ""reg_alpha"": 0.05473584226505768, ""reg_lambda"": 2.8870721799232846, ""subsample"": 0.7974696392524061}",COMPLETE
18,0.22031200129593487,2026-09-19 21:52:15.141063,2026-09-19 21:52:22.671933,0 days 00:00:07.530870,0.604383783275193,0.013243952224800721,4,1115,4.370270993676048,3.6221117222656867,0.7614163863537866,,"{""colsample_bytree"": 0.604383783275193, ""learning_rate"": 0.013243952224800721, ""max_depth"": 4, ""n_estimators"": 1115, ""reg_alpha"": 4.370270993676048, ""reg_lambda"": 3.6221117222656867, ""subsample"": 0.7614163863537866}",PRUNED
19,0.17829883240770233,2026-09-19 21:52:22.671933,2026-09-19 21:52:23.326513,0 days 00:00:00.654580,0.6049881745969655,0.03902579136543896,1,991,3.9737124282663934,3.3630465412745223,0.8337669609354832,,"{""colsample_bytree"": 0.6049881745969655, ""learning_rate"": 0.03902579136543896, ""max_depth"": 1, ""n_estimators"": 991, ""reg_alpha"": 3.9737124282663934, ""reg_lambda"": 3.3630465412745223, ""subsample"": 0.8337669609354832}",PRUNED
20,0.2552126143099663,2026-09-19 21:52:23.326513,2026-09-19 21:52:27.216892,0 days 00:00:03.890379,0.5220076639372231,0.019777445261739884,1,1165,0.5764213566461196,3.5931643333246512,0.7189672754131067,,"{""colsample_bytree"": 0.5220076639372231, ""learning_rate"": 0.019777445261739884, ""max_depth"": 1, ""n_estimators"": 1165, ""reg_alpha"": 0.5764213566461196, ""reg_lambda"": 3.5931643333246512, ""subsample"": 0.7189672754131067}",COMPLETE
21,0.21540005992337957,2026-09-19 21:52:27.216892,2026-09-19 21:52:34.472615,0 days 00:00:07.255723,0.5277595471314102,0.01830481719997466,4,1130,1.287671571501713,3.044988110175093,0.7206760074825367,,"{""colsample_bytree"": 0.5277595471314102, ""learning_rate"": 0.01830481719997466, ""max_depth"": 4, ""n_estimators"": 1130, ""reg_alpha"": 1.287671571501713, ""reg_lambda"": 3.044988110175093, ""subsample"": 0.7206760074825367}",PRUNED
22,0.18109697828543708,2026-09-19 21:52:34.472615,2026-09-19 21:52:35.251816,0 days 00:00:00.779201,0.5430542736253104,0.037942246356008236,2,918,0.4788005431593698,2.317388211883229,0.8001484673261091,,"{""colsample_bytree"": 0.5430542736253104, ""learning_rate"": 0.037942246356008236, ""max_depth"": 2, ""n_estimators"": 918, ""reg_alpha"": 0.4788005431593698, ""reg_lambda"": 2.317388211883229, ""subsample"": 0.8001484673261091}",PRUNED
23,0.2543061484773514,2026-09-19 21:52:35.251816,2026-09-19 21:52:38.476173,0 days 00:00:03.224357,0.5311971532010739,0.018211008624547064,1,968,0.8131654531155335,4.770722033071454,0.7539433165111772,,"{""colsample_bytree"": 0.5311971532010739, ""learning_rate"": 0.018211008624547064, ""max_depth"": 1, ""n_estimators"": 968, ""reg_alpha"": 0.8131654531155335, ""reg_lambda"": 4.770722033071454, ""subsample"": 0.7539433165111772}",COMPLETE
24,0.25356174909115275,2026-09-19 21:52:38.476173,2026-09-19 21:52:42.448414,0 days 00:00:03.972241,0.5718980241791096,0.016723714218609964,1,1189,0.19284346321417534,2.6571955029813377,0.7213938153580701,,"{""colsample_bytree"": 0.5718980241791096, ""learning_rate"": 0.016723714218609964, ""max_depth"": 1, ""n_estimators"": 1189, ""reg_alpha"": 0.19284346321417534, ""reg_lambda"": 2.6571955029813377, ""subsample"": 0.7213938153580701}",COMPLETE
25,0.17861062845726744,2026-09-19 21:52:42.448414,2026-09-19 21:52:43.333197,0 days 00:00:00.884783,0.6179316379568494,0.012348955207582902,2,1015,0.7592839299127475,4.854843360540526,0.6809962013505807,,"{""colsample_bytree"": 0.6179316379568494, ""learning_rate"": 0.012348955207582902, ""max_depth"": 2, ""n_estimators"": 1015, ""reg_alpha"": 0.7592839299127475, ""reg_lambda"": 4.854843360540526, ""subsample"": 0.6809962013505807}",PRUNED
26,0.25740882871331283,2026-09-19 21:52:43.333197,2026-09-19 21:52:47.258851,0 days 00:00:03.925654,0.5339528267312426,0.022643996630828604,1,1138,0.4796069820539482,4.224701055534009,0.6181185128114026,,"{""colsample_bytree"": 0.5339528267312426, ""learning_rate"": 0.022643996630828604, ""max_depth"": 1, ""n_estimators"": 1138, ""reg_alpha"": 0.4796069820539482, ""reg_lambda"": 4.224701055534009, ""subsample"": 0.6181185128114026}",COMPLETE
27,0.17556350055286393,2026-09-19 21:52:47.258851,2026-09-19 21:52:48.610061,0 days 00:00:01.351210,0.5122278037231949,0.011946851025562854,3,1104,0.5758379272512923,4.252257154160349,0.6799585063892833,,"{""colsample_bytree"": 0.5122278037231949, ""learning_rate"": 0.011946851025562854, ""max_depth"": 3, ""n_estimators"": 1104, ""reg_alpha"": 0.5758379272512923, ""reg_lambda"": 4.252257154160349, ""subsample"": 0.6799585063892833}",PRUNED
28,0.18609466637156044,2026-09-19 21:52:48.610061,2026-09-19 21:52:49.485091,0 days 00:00:00.875030,0.5950844079000344,0.030309369126717615,2,1041,0.8665939984257117,4.088456205342836,0.6382419793445849,,"{""colsample_bytree"": 0.5950844079000344, ""learning_rate"": 0.030309369126717615, ""max_depth"": 2, ""n_estimators"": 1041, ""reg_alpha"": 0.8665939984257117, ""reg_lambda"": 4.088456205342836, ""subsample"": 0.6382419793445849}",PRUNED
29,0.18138519889598093,2026-09-19 21:52:49.485091,2026-09-19 21:52:50.812870,0 days 00:00:01.327779,0.520508299351367,0.05373081133439592,3,1103,1.013954360599966,4.845848929774244,0.6123225876925243,,"{""colsample_bytree"": 0.520508299351367, ""learning_rate"": 0.05373081133439592, ""max_depth"": 3, ""n_estimators"": 1103, ""reg_alpha"": 1.013954360599966, ""reg_lambda"": 4.845848929774244, ""subsample"": 0.6123225876925243}",PRUNED
