number,value,datetime_start,datetime_complete,duration,params_colsample_bytree,params_learning_rate,params_max_depth,params_n_estimators,params_reg_alpha,params_reg_lambda,params_subsample,system_attrs_fixed_params,system_attrs_tpe:relative_params:0,state
0,0.2611215766095299,2026-09-19 21:42:57.492154,2026-09-19 21:42:59.887443,0 days 00:00:02.395289,0.7299931514829414,0.05601921547625205,1,775,4.291123766203381,2.028255704694497,0.6182532860070354,"{'n_estimators': 775, 'learning_rate': 0.05601921547625205, 'max_depth': 1, 'subsample': 0.6182532860070354, 'colsample_bytree': 0.7299931514829414, 'reg_alpha': 4.291123766203381, 'reg_lambda': 2.028255704694497}",,COMPLETE
1,0.20432972010668546,2026-09-19 21:42:59.887443,2026-09-19 21:43:04.174913,0 days 00:00:04.287470,0.5780093202212182,0.2536999076681772,9,574,0.7799726016810132,0.2904180608409973,0.8394633936788146,,,COMPLETE
2,0.21787999300798014,2026-09-19 21:43:04.174913,2026-09-19 21:43:15.011630,0 days 00:00:10.836717,0.9849549260809971,0.07725378389307355,9,1067,4.162213204002109,1.0616955533913808,0.608233797718321,,,COMPLETE
3,0.22633998720231552,2026-09-19 21:43:15.011630,2026-09-19 21:43:18.050041,0 days 00:00:03.038411,0.7159725093210578,0.018659959624904916,4,382,1.4561457009902097,3.0592644736118975,0.8099025726528951,,,COMPLETE
4,0.20945117760196194,2026-09-19 21:43:18.050041,2026-09-19 21:43:22.844465,0 days 00:00:04.794424,0.8925879806965068,0.027010527749605478,5,339,0.9983689107917987,2.571172192068058,0.7824279936868144,,,COMPLETE
5,0.2324873015339582,2026-09-19 21:43:22.844465,2026-09-19 21:43:45.215025,0 days 00:00:22.370560,0.5325257964926398,0.011711509955524094,8,793,4.7444276862666666,4.828160165372797,0.6682096494749166,,,COMPLETE
6,0.22632140001138024,2026-09-19 21:43:45.215025,2026-09-19 21:43:46.827657,0 days 00:00:01.612632,0.7200762468698007,0.028180680291847244,2,1009,0.6101911742238941,2.475884550556351,0.8736932106048627,,,PRUNED
7,0.1988263598818846,2026-09-19 21:43:46.827657,2026-09-19 21:43:47.600223,0 days 00:00:00.772566,0.6558555380447055,0.22038218939289875,4,234,2.600340105889054,2.7335513967163982,0.8650089137415928,,,PRUNED
8,0.2177912009146145,2026-09-19 21:43:47.600223,2026-09-19 21:43:49.206572,0 days 00:00:01.606349,0.9474136752138245,0.27051668818999286,10,385,2.9894998940554256,4.609371175115584,0.9757995766256756,,,PRUNED
9,0.25068526912942585,2026-09-19 21:43:49.206572,2026-09-19 21:43:50.173434,0 days 00:00:00.966862,0.6943386448447411,0.01947558230629543,1,288,1.3567451588694794,4.143687545759647,0.7301321323053057,,,COMPLETE
10,0.25840827690882595,2026-09-19 21:43:50.173434,2026-09-19 21:43:52.479697,0 days 00:00:02.306263,0.7238702180899212,0.06333305823483636,1,744,4.153881974444118,1.4025638233301403,0.6140693239323755,,"{""colsample_bytree"": 0.7238702180899212, ""learning_rate"": 0.06333305823483636, ""max_depth"": 1, ""n_estimators"": 744, ""reg_alpha"": 4.153881974444118, ""reg_lambda"": 1.4025638233301403, ""subsample"": 0.6140693239323755}",COMPLETE
11,0.2215226583834856,2026-09-19 21:43:52.479697,2026-09-19 21:43:55.369921,0 days 00:00:02.890224,0.830506362842962,0.025982824870011318,4,788,3.9625099351433692,2.105868205540498,0.6103057158332087,,"{""colsample_bytree"": 0.830506362842962, ""learning_rate"": 0.025982824870011318, ""max_depth"": 4, ""n_estimators"": 788, ""reg_alpha"": 3.9625099351433692, ""reg_lambda"": 2.105868205540498, ""subsample"": 0.6103057158332087}",PRUNED
12,0.2597440236561145,2026-09-19 21:43:55.369921,2026-09-19 21:43:58.069290,0 days 00:00:02.699369,0.6874717038508856,0.04782697753089006,1,885,4.6051639854647926,2.1565614155266095,0.6580149667558275,,"{""colsample_bytree"": 0.6874717038508856, ""learning_rate"": 0.04782697753089006, ""max_depth"": 1, ""n_estimators"": 885, ""reg_alpha"": 4.6051639854647926, ""reg_lambda"": 2.1565614155266095, ""subsample"": 0.6580149667558275}",COMPLETE
13,0.17592825632167608,2026-09-19 21:43:58.069290,2026-09-19 21:43:59.147884,0 days 00:00:01.078594,0.8324129944853355,0.05016724046942203,3,866,4.539832068614401,3.1590848408902774,0.7367793732585033,,"{""colsample_bytree"": 0.8324129944853355, ""learning_rate"": 0.05016724046942203, ""max_depth"": 3, ""n_estimators"": 866, ""reg_alpha"": 4.539832068614401, ""reg_lambda"": 3.1590848408902774, ""subsample"": 0.7367793732585033}",PRUNED
14,0.25468013429996794,2026-09-19 21:43:59.147884,2026-09-19 21:44:01.581677,0 days 00:00:02.433793,0.6986957739132078,0.058751635700684424,1,796,2.6839449235733364,2.5808994781613146,0.6038777937816695,,"{""colsample_bytree"": 0.6986957739132078, ""learning_rate"": 0.058751635700684424, ""max_depth"": 1, ""n_estimators"": 796, ""reg_alpha"": 2.6839449235733364, ""reg_lambda"": 2.5808994781613146, ""subsample"": 0.6038777937816695}",COMPLETE
15,0.1677992748516189,2026-09-19 21:44:01.581677,2026-09-19 21:44:02.376422,0 days 00:00:00.794745,0.6524046078458288,0.18759011200390455,2,1020,4.859003662929607,2.704926768636306,0.6117236726909301,,"{""colsample_bytree"": 0.6524046078458288, ""learning_rate"": 0.18759011200390455, ""max_depth"": 2, ""n_estimators"": 1020, ""reg_alpha"": 4.859003662929607, ""reg_lambda"": 2.704926768636306, ""subsample"": 0.6117236726909301}",PRUNED
16,0.16113246684167906,2026-09-19 21:44:02.376422,2026-09-19 21:44:03.545643,0 days 00:00:01.169221,0.5336475098222616,0.06725724419826692,4,791,3.753097205378356,2.0633202589109487,0.6147959519648898,,"{""colsample_bytree"": 0.5336475098222616, ""learning_rate"": 0.06725724419826692, ""max_depth"": 4, ""n_estimators"": 791, ""reg_alpha"": 3.753097205378356, ""reg_lambda"": 2.0633202589109487, ""subsample"": 0.6147959519648898}",PRUNED
17,0.2611725517031047,2026-09-19 21:44:03.545643,2026-09-19 21:44:05.958986,0 days 00:00:02.413343,0.6557485332692764,0.013440557860451407,1,852,3.5714611223416037,1.8451547534453445,0.6664588310088476,,"{""colsample_bytree"": 0.6557485332692764, ""learning_rate"": 0.013440557860451407, ""max_depth"": 1, ""n_estimators"": 852, ""reg_alpha"": 3.5714611223416037, ""reg_lambda"": 1.8451547534453445, ""subsample"": 0.6664588310088476}",COMPLETE
18,0.16856994028522754,2026-09-19 21:44:05.958986,2026-09-19 21:44:07.520882,0 days 00:00:01.561896,0.6584939030520545,0.012378345612325342,4,1040,4.391084310994444,2.797043657670878,0.6908524483448253,,"{""colsample_bytree"": 0.6584939030520545, ""learning_rate"": 0.012378345612325342, ""max_depth"": 4, ""n_estimators"": 1040, ""reg_alpha"": 4.391084310994444, ""reg_lambda"": 2.797043657670878, ""subsample"": 0.6908524483448253}",PRUNED
19,0.18179394511206656,2026-09-19 21:44:07.520882,2026-09-19 21:44:08.170333,0 days 00:00:00.649451,0.7642277384067516,0.011577254272424434,3,552,4.280349292018114,2.107083221607455,0.677863205863689,,"{""colsample_bytree"": 0.7642277384067516, ""learning_rate"": 0.011577254272424434, ""max_depth"": 3, ""n_estimators"": 552, ""reg_alpha"": 4.280349292018114, ""reg_lambda"": 2.107083221607455, ""subsample"": 0.677863205863689}",PRUNED
20,0.1848450011827984,2026-09-19 21:44:08.170333,2026-09-19 21:44:08.830937,0 days 00:00:00.660604,0.7002910159784724,0.016979602179080972,2,780,3.4953587456335615,1.0383316248643815,0.714429651258373,,"{""colsample_bytree"": 0.7002910159784724, ""learning_rate"": 0.016979602179080972, ""max_depth"": 2, ""n_estimators"": 780, ""reg_alpha"": 3.4953587456335615, ""reg_lambda"": 1.0383316248643815, ""subsample"": 0.714429651258373}",PRUNED
21,0.17213573481750938,2026-09-19 21:44:08.830937,2026-09-19 21:44:10.162622,0 days 00:00:01.331685,0.7544818206024041,0.07280460217919686,4,861,3.5253337531453295,1.9149061515489532,0.6897923742641272,,"{""colsample_bytree"": 0.7544818206024041, ""learning_rate"": 0.07280460217919686, ""max_depth"": 4, ""n_estimators"": 861, ""reg_alpha"": 3.5253337531453295, ""reg_lambda"": 1.9149061515489532, ""subsample"": 0.6897923742641272}",PRUNED
22,0.17258903515736318,2026-09-19 21:44:10.162622,2026-09-19 21:44:10.794872,0 days 00:00:00.632250,0.6571878032092291,0.13908324749633064,2,816,4.717712214828761,0.5518530267307011,0.6356280119347189,,"{""colsample_bytree"": 0.6571878032092291, ""learning_rate"": 0.13908324749633064, ""max_depth"": 2, ""n_estimators"": 816, ""reg_alpha"": 4.717712214828761, ""reg_lambda"": 0.5518530267307011, ""subsample"": 0.6356280119347189}",PRUNED
23,0.25961530095901436,2026-09-19 21:44:10.794872,2026-09-19 21:44:13.935342,0 days 00:00:03.140470,0.7289517890128913,0.010999791315873649,1,1024,3.979834424416332,1.1305930450595936,0.6032607988404558,,"{""colsample_bytree"": 0.7289517890128913, ""learning_rate"": 0.010999791315873649, ""max_depth"": 1, ""n_estimators"": 1024, ""reg_alpha"": 3.979834424416332, ""reg_lambda"": 1.1305930450595936, ""subsample"": 0.6032607988404558}",COMPLETE
24,0.25887362571664724,2026-09-19 21:44:13.935342,2026-09-19 21:44:16.282341,0 days 00:00:02.346999,0.5807168021226574,0.0532032853495968,1,782,3.840585821544655,1.2166248345162916,0.6609958390819012,,"{""colsample_bytree"": 0.5807168021226574, ""learning_rate"": 0.0532032853495968, ""max_depth"": 1, ""n_estimators"": 782, ""reg_alpha"": 3.840585821544655, ""reg_lambda"": 1.2166248345162916, ""subsample"": 0.6609958390819012}",COMPLETE
25,0.25937020638282093,2026-09-19 21:44:16.282341,2026-09-19 21:44:18.940338,0 days 00:00:02.657997,0.5963548522914872,0.04353849375119904,1,944,4.552552210257432,1.0893099990020385,0.71462670289796,,"{""colsample_bytree"": 0.5963548522914872, ""learning_rate"": 0.04353849375119904, ""max_depth"": 1, ""n_estimators"": 944, ""reg_alpha"": 4.552552210257432, ""reg_lambda"": 1.0893099990020385, ""subsample"": 0.71462670289796}",COMPLETE
26,0.2597021985034488,2026-09-19 21:44:18.940338,2026-09-19 21:44:22.244758,0 days 00:00:03.304420,0.7536715796167647,0.036072040704683686,1,1040,3.4157933643720995,1.4215834568872996,0.6358025604736812,,"{""colsample_bytree"": 0.7536715796167647, ""learning_rate"": 0.036072040704683686, ""max_depth"": 1, ""n_estimators"": 1040, ""reg_alpha"": 3.4157933643720995, ""reg_lambda"": 1.4215834568872996, ""subsample"": 0.6358025604736812}",COMPLETE
27,0.18169183782247333,2026-09-19 21:44:22.244758,2026-09-19 21:44:22.895258,0 days 00:00:00.650500,0.7220578583015157,0.031462584069433544,2,738,4.580130721964675,2.2683003120153704,0.6447995737810404,,"{""colsample_bytree"": 0.7220578583015157, ""learning_rate"": 0.031462584069433544, ""max_depth"": 2, ""n_estimators"": 738, ""reg_alpha"": 4.580130721964675, ""reg_lambda"": 2.2683003120153704, ""subsample"": 0.6447995737810404}",PRUNED
28,0.18134638536674894,2026-09-19 21:44:22.895258,2026-09-19 21:44:23.571342,0 days 00:00:00.676084,0.7540750928631225,0.020241920433020862,2,765,4.6435124434898105,1.1864406063210544,0.680037801214684,,"{""colsample_bytree"": 0.7540750928631225, ""learning_rate"": 0.020241920433020862, ""max_depth"": 2, ""n_estimators"": 765, ""reg_alpha"": 4.6435124434898105, ""reg_lambda"": 1.1864406063210544, ""subsample"": 0.680037801214684}",PRUNED
29,0.19574210713392776,2026-09-19 21:44:23.571342,2026-09-19 21:44:24.083974,0 days 00:00:00.512632,0.6357973499528514,0.0269586053293086,1,828,4.832048943399497,2.5759786933136426,0.6782276539578107,,"{""colsample_bytree"": 0.6357973499528514, ""learning_rate"": 0.0269586053293086, ""max_depth"": 1, ""n_estimators"": 828, ""reg_alpha"": 4.832048943399497, ""reg_lambda"": 2.5759786933136426, ""subsample"": 0.6782276539578107}",PRUNED
