number,value,datetime_start,datetime_complete,duration,params_colsample_bytree,params_learning_rate,params_max_depth,params_n_estimators,params_reg_alpha,params_reg_lambda,params_subsample,system_attrs_fixed_params,system_attrs_tpe:relative_params:0,state
0,0.2655952145816919,2026-09-19 21:41:41.465375,2026-09-19 21:41:42.569057,0 days 00:00:01.103682,0.6378406858761497,0.05735290999311754,1,331,0.5149589868525593,0.17030711279547273,0.6194502386426519,"{'n_estimators': 331, 'learning_rate': 0.05735290999311754, 'max_depth': 1, 'subsample': 0.6194502386426519, 'colsample_bytree': 0.6378406858761497, 'reg_alpha': 0.5149589868525593, 'reg_lambda': 0.17030711279547273}",,COMPLETE
1,0.23732227689260182,2026-09-19 21:41:42.569057,2026-09-19 21:41:46.753786,0 days 00:00:04.184729,0.5780093202212182,0.2536999076681772,9,574,0.7799726016810132,0.2904180608409973,0.8394633936788146,,,COMPLETE
2,0.2424507441260093,2026-09-19 21:41:46.753786,2026-09-19 21:41:57.648009,0 days 00:00:10.894223,0.9849549260809971,0.07725378389307355,9,1067,4.162213204002109,1.0616955533913808,0.608233797718321,,,COMPLETE
3,0.2462567848907796,2026-09-19 21:41:57.648009,2026-09-19 21:42:00.718903,0 days 00:00:03.070894,0.7159725093210578,0.018659959624904916,4,382,1.4561457009902097,3.0592644736118975,0.8099025726528951,,,COMPLETE
4,0.23708134858657837,2026-09-19 21:42:00.718903,2026-09-19 21:42:05.529893,0 days 00:00:04.810990,0.8925879806965068,0.027010527749605478,5,339,0.9983689107917987,2.571172192068058,0.7824279936868144,,,COMPLETE
5,0.2524274478971579,2026-09-19 21:42:05.529893,2026-09-19 21:42:27.227300,0 days 00:00:21.697407,0.5325257964926398,0.011711509955524094,8,793,4.7444276862666666,4.828160165372797,0.6682096494749166,,,COMPLETE
6,0.2604550744361342,2026-09-19 21:42:27.227300,2026-09-19 21:42:31.258255,0 days 00:00:04.030955,0.7200762468698007,0.028180680291847244,2,1009,0.6101911742238941,2.475884550556351,0.8736932106048627,,,COMPLETE
7,0.2497573661479007,2026-09-19 21:42:31.258255,2026-09-19 21:42:31.636709,0 days 00:00:00.378454,0.6558555380447055,0.22038218939289875,4,234,2.600340105889054,2.7335513967163982,0.8650089137415928,,,PRUNED
8,0.23101798692368808,2026-09-19 21:42:31.636709,2026-09-19 21:42:32.447084,0 days 00:00:00.810375,0.9474136752138245,0.27051668818999286,10,385,2.9894998940554256,4.609371175115584,0.9757995766256756,,,PRUNED
9,0.23625404846384437,2026-09-19 21:42:32.447084,2026-09-19 21:42:32.639848,0 days 00:00:00.192764,0.6943386448447411,0.01947558230629543,1,288,1.3567451588694794,4.143687545759647,0.7301321323053057,,,PRUNED
10,0.2822247244024217,2026-09-19 21:42:32.639848,2026-09-19 21:42:33.041538,0 days 00:00:00.401690,0.7063667133904311,0.0639159661154761,1,665,3.781846808626815,1.2341519668440526,0.6140777260286947,,"{""colsample_bytree"": 0.7063667133904311, ""learning_rate"": 0.0639159661154761, ""max_depth"": 1, ""n_estimators"": 665, ""reg_alpha"": 3.781846808626815, ""reg_lambda"": 1.2341519668440526, ""subsample"": 0.6140777260286947}",PRUNED
11,0.28408601646716053,2026-09-19 21:42:33.041538,2026-09-19 21:42:33.894759,0 days 00:00:00.853221,0.6567555686511025,0.08620533673440825,2,1158,0.5262323798402203,0.48260937280586114,0.6068845722065702,,"{""colsample_bytree"": 0.6567555686511025, ""learning_rate"": 0.08620533673440825, ""max_depth"": 2, ""n_estimators"": 1158, ""reg_alpha"": 0.5262323798402203, ""reg_lambda"": 0.48260937280586114, ""subsample"": 0.6068845722065702}",PRUNED
12,0.26931332366691996,2026-09-19 21:42:33.894759,2026-09-19 21:42:37.042099,0 days 00:00:03.147340,0.7774536104248444,0.024948766083466772,2,733,0.10750955568257947,2.282765953695437,0.6737290780822205,,"{""colsample_bytree"": 0.7774536104248444, ""learning_rate"": 0.024948766083466772, ""max_depth"": 2, ""n_estimators"": 733, ""reg_alpha"": 0.10750955568257947, ""reg_lambda"": 2.282765953695437, ""subsample"": 0.6737290780822205}",COMPLETE
13,0.2543658216544361,2026-09-19 21:42:37.042099,2026-09-19 21:42:39.377216,0 days 00:00:02.335117,0.5175804012086258,0.021319096669723363,4,307,0.6809550871668847,0.45421685728562383,0.6202665408991165,,"{""colsample_bytree"": 0.5175804012086258, ""learning_rate"": 0.021319096669723363, ""max_depth"": 4, ""n_estimators"": 307, ""reg_alpha"": 0.6809550871668847, ""reg_lambda"": 0.45421685728562383, ""subsample"": 0.6202665408991165}",COMPLETE
14,0.24978833025882455,2026-09-19 21:42:39.377216,2026-09-19 21:42:39.530376,0 days 00:00:00.153160,0.8555555396055808,0.030967788589023472,1,217,0.3889946076773816,0.7485583858009144,0.6931415145336507,,"{""colsample_bytree"": 0.8555555396055808, ""learning_rate"": 0.030967788589023472, ""max_depth"": 1, ""n_estimators"": 217, ""reg_alpha"": 0.3889946076773816, ""reg_lambda"": 0.7485583858009144, ""subsample"": 0.6931415145336507}",PRUNED
15,0.254969187378038,2026-09-19 21:42:39.530376,2026-09-19 21:42:39.909527,0 days 00:00:00.379151,0.727997408544161,0.17291791187552658,2,462,0.35903797637457585,0.6228128384198865,0.6111240520503415,,"{""colsample_bytree"": 0.727997408544161, ""learning_rate"": 0.17291791187552658, ""max_depth"": 2, ""n_estimators"": 462, ""reg_alpha"": 0.35903797637457585, ""reg_lambda"": 0.6228128384198865, ""subsample"": 0.6111240520503415}",PRUNED
16,0.2816241907412555,2026-09-19 21:42:39.909527,2026-09-19 21:42:41.309209,0 days 00:00:01.399682,0.5666983528005324,0.03917270136135067,5,632,0.6843714689852398,2.1985517856697476,0.6172157551264964,,"{""colsample_bytree"": 0.5666983528005324, ""learning_rate"": 0.03917270136135067, ""max_depth"": 5, ""n_estimators"": 632, ""reg_alpha"": 0.6843714689852398, ""reg_lambda"": 2.1985517856697476, ""subsample"": 0.6172157551264964}",PRUNED
17,0.2525377364042291,2026-09-19 21:42:41.309209,2026-09-19 21:42:41.554741,0 days 00:00:00.245532,0.6798494844582171,0.030054270002047235,1,343,0.08083142694351048,2.1839340717513616,0.6045368846246565,,"{""colsample_bytree"": 0.6798494844582171, ""learning_rate"": 0.030054270002047235, ""max_depth"": 1, ""n_estimators"": 343, ""reg_alpha"": 0.08083142694351048, ""reg_lambda"": 2.1839340717513616, ""subsample"": 0.6045368846246565}",PRUNED
18,0.25961794635327295,2026-09-19 21:42:41.554741,2026-09-19 21:42:42.822502,0 days 00:00:01.267761,0.6430691137628964,0.0906184195098736,2,296,1.100808027069961,3.096281280775747,0.7029292262303972,,"{""colsample_bytree"": 0.6430691137628964, ""learning_rate"": 0.0906184195098736, ""max_depth"": 2, ""n_estimators"": 296, ""reg_alpha"": 1.100808027069961, ""reg_lambda"": 3.096281280775747, ""subsample"": 0.7029292262303972}",COMPLETE
19,0.29060977870303817,2026-09-19 21:42:42.822502,2026-09-19 21:42:43.266437,0 days 00:00:00.443935,0.7635585089005151,0.01937162312957856,2,599,0.3544144082808635,1.1409339107855225,0.7187127326005757,,"{""colsample_bytree"": 0.7635585089005151, ""learning_rate"": 0.01937162312957856, ""max_depth"": 2, ""n_estimators"": 599, ""reg_alpha"": 0.3544144082808635, ""reg_lambda"": 1.1409339107855225, ""subsample"": 0.7187127326005757}",PRUNED
20,0.2757562775184679,2026-09-19 21:42:43.266437,2026-09-19 21:42:43.621691,0 days 00:00:00.355254,0.6460715910680799,0.059131131749032416,1,560,1.6448887438426052,0.927068490910361,0.6791879950305205,,"{""colsample_bytree"": 0.6460715910680799, ""learning_rate"": 0.059131131749032416, ""max_depth"": 1, ""n_estimators"": 560, ""reg_alpha"": 1.6448887438426052, ""reg_lambda"": 0.927068490910361, ""subsample"": 0.6791879950305205}",PRUNED
21,0.2886968092721098,2026-09-19 21:42:43.621691,2026-09-19 21:42:44.176104,0 days 00:00:00.554413,0.8140319316341871,0.03840622501982703,1,907,0.2374439943048232,2.863238147646789,0.6278321479165918,,"{""colsample_bytree"": 0.8140319316341871, ""learning_rate"": 0.03840622501982703, ""max_depth"": 1, ""n_estimators"": 907, ""reg_alpha"": 0.2374439943048232, ""reg_lambda"": 2.863238147646789, ""subsample"": 0.6278321479165918}",PRUNED
22,0.2693298594332212,2026-09-19 21:42:44.176104,2026-09-19 21:42:44.867517,0 days 00:00:00.691413,0.6849820992728157,0.03314811543763652,1,1177,0.3132582524005788,2.6495527649356765,0.9493465488208734,,"{""colsample_bytree"": 0.6849820992728157, ""learning_rate"": 0.03314811543763652, ""max_depth"": 1, ""n_estimators"": 1177, ""reg_alpha"": 0.3132582524005788, ""reg_lambda"": 2.6495527649356765, ""subsample"": 0.9493465488208734}",PRUNED
23,0.2449653308195378,2026-09-19 21:42:44.868516,2026-09-19 21:42:50.844486,0 days 00:00:05.975970,0.7850846127266025,0.0524558786542609,3,1033,0.009578401479130805,3.38590195508671,0.7448332056697471,,"{""colsample_bytree"": 0.7850846127266025, ""learning_rate"": 0.0524558786542609, ""max_depth"": 3, ""n_estimators"": 1033, ""reg_alpha"": 0.009578401479130805, ""reg_lambda"": 3.38590195508671, ""subsample"": 0.7448332056697471}",COMPLETE
24,0.26815526333270495,2026-09-19 21:42:50.844486,2026-09-19 21:42:51.176387,0 days 00:00:00.331901,0.5284571758900783,0.0542705311562402,1,532,0.77340825739433,0.5304928583194328,0.6615196033335685,,"{""colsample_bytree"": 0.5284571758900783, ""learning_rate"": 0.0542705311562402, ""max_depth"": 1, ""n_estimators"": 532, ""reg_alpha"": 0.77340825739433, ""reg_lambda"": 0.5304928583194328, ""subsample"": 0.6615196033335685}",PRUNED
25,0.25880481262007426,2026-09-19 21:42:51.176387,2026-09-19 21:42:52.929171,0 days 00:00:01.752784,0.6305873942701805,0.039392385624602615,3,313,1.1464759388528756,0.18641200192846463,0.6762149630689935,,"{""colsample_bytree"": 0.6305873942701805, ""learning_rate"": 0.039392385624602615, ""max_depth"": 3, ""n_estimators"": 313, ""reg_alpha"": 1.1464759388528756, ""reg_lambda"": 0.18641200192846463, ""subsample"": 0.6762149630689935}",COMPLETE
26,0.26076896349940815,2026-09-19 21:42:52.929171,2026-09-19 21:42:54.470523,0 days 00:00:01.541352,0.5870291561595729,0.07037746943787383,2,356,1.4482862572126622,1.8339509109125782,0.6172628814488356,,"{""colsample_bytree"": 0.5870291561595729, ""learning_rate"": 0.07037746943787383, ""max_depth"": 2, ""n_estimators"": 356, ""reg_alpha"": 1.4482862572126622, ""reg_lambda"": 1.8339509109125782, ""subsample"": 0.6172628814488356}",COMPLETE
27,0.2604188073438131,2026-09-19 21:42:54.470523,2026-09-19 21:42:55.624937,0 days 00:00:01.154414,0.6216747076722169,0.08109290447376201,2,278,0.18157093367624633,1.5299196623687292,0.6065101608476016,,"{""colsample_bytree"": 0.6216747076722169, ""learning_rate"": 0.08109290447376201, ""max_depth"": 2, ""n_estimators"": 278, ""reg_alpha"": 0.18157093367624633, ""reg_lambda"": 1.5299196623687292, ""subsample"": 0.6065101608476016}",COMPLETE
28,0.28434788739777517,2026-09-19 21:42:55.624937,2026-09-19 21:42:56.228777,0 days 00:00:00.603840,0.6268295599113505,0.08557678489218477,3,519,1.5159306288369878,2.3099008459476384,0.6311056784673476,,"{""colsample_bytree"": 0.6268295599113505, ""learning_rate"": 0.08557678489218477, ""max_depth"": 3, ""n_estimators"": 519, ""reg_alpha"": 1.5159306288369878, ""reg_lambda"": 2.3099008459476384, ""subsample"": 0.6311056784673476}",PRUNED
29,0.2836602663137411,2026-09-19 21:42:56.228777,2026-09-19 21:42:56.615778,0 days 00:00:00.387001,0.672892968547932,0.0385796029853531,3,316,0.8376871728101118,1.0716557243209388,0.6365700261540627,,"{""colsample_bytree"": 0.672892968547932, ""learning_rate"": 0.0385796029853531, ""max_depth"": 3, ""n_estimators"": 316, ""reg_alpha"": 0.8376871728101118, ""reg_lambda"": 1.0716557243209388, ""subsample"": 0.6365700261540627}",PRUNED
