number,value,datetime_start,datetime_complete,duration,params_colsample_bytree,params_learning_rate,params_max_depth,params_n_estimators,params_reg_alpha,params_reg_lambda,params_subsample,system_attrs_fixed_params,system_attrs_tpe:relative_params:0,state
0,0.23007865142920628,2026-09-19 16:40:20.928417,2026-09-19 16:40:22.973614,0 days 00:00:02.045197,0.5390090454315083,0.023902178662731973,1,997,0.9202492176282521,2.942080144851797,0.7932307973020875,"{'n_estimators': 997, 'learning_rate': 0.023902178662731973, 'max_depth': 1, 'subsample': 0.7932307973020875, 'colsample_bytree': 0.5390090454315083, 'reg_alpha': 0.9202492176282521, 'reg_lambda': 2.942080144851797}",,COMPLETE
1,0.18657310131340674,2026-09-19 16:40:22.973614,2026-09-19 16:40:25.093178,0 days 00:00:02.119564,0.5780093202212182,0.2536999076681772,9,574,0.7799726016810132,0.2904180608409973,0.8394633936788146,,,COMPLETE
2,0.20008523982618914,2026-09-19 16:40:25.093178,2026-09-19 16:40:30.265059,0 days 00:00:05.171881,0.9849549260809971,0.07725378389307355,9,1067,4.162213204002109,1.0616955533913808,0.608233797718321,,,COMPLETE
3,0.20995217404280492,2026-09-19 16:40:30.265059,2026-09-19 16:40:32.213269,0 days 00:00:01.948210,0.7159725093210578,0.018659959624904916,4,382,1.4561457009902097,3.0592644736118975,0.8099025726528951,,,COMPLETE
4,0.1985875165614682,2026-09-19 16:40:32.213269,2026-09-19 16:40:35.253925,0 days 00:00:03.040656,0.8925879806965068,0.027010527749605478,5,339,0.9983689107917987,2.571172192068058,0.7824279936868144,,,COMPLETE
5,0.1652587448787865,2026-09-19 16:40:35.253925,2026-09-19 16:40:36.725262,0 days 00:00:01.471337,0.5325257964926398,0.011711509955524094,8,793,4.7444276862666666,4.828160165372797,0.6682096494749166,,,PRUNED
6,0.21961583748995794,2026-09-19 16:40:36.725262,2026-09-19 16:40:39.533538,0 days 00:00:02.808276,0.7200762468698007,0.028180680291847244,2,1009,0.6101911742238941,2.475884550556351,0.8736932106048627,,,COMPLETE
7,0.1720465180751124,2026-09-19 16:40:39.533538,2026-09-19 16:40:39.721968,0 days 00:00:00.188430,0.6558555380447055,0.22038218939289875,4,234,2.600340105889054,2.7335513967163982,0.8650089137415928,,,PRUNED
8,0.15386352492952007,2026-09-19 16:40:39.721968,2026-09-19 16:40:40.091741,0 days 00:00:00.369773,0.9474136752138245,0.27051668818999286,10,385,2.9894998940554256,4.609371175115584,0.9757995766256756,,,PRUNED
9,0.21279050977526306,2026-09-19 16:40:40.092742,2026-09-19 16:40:40.704754,0 days 00:00:00.612012,0.6943386448447411,0.01947558230629543,1,288,1.3567451588694794,4.143687545759647,0.7301321323053057,,,COMPLETE
10,0.21460707005634666,2026-09-19 16:40:40.704754,2026-09-19 16:40:52.727953,0 days 00:00:12.023199,0.5347932177377854,0.013773977335445541,11,1102,0.03773659658146622,0.7613488583538435,0.8737239523738184,,"{""colsample_bytree"": 0.5347932177377854, ""learning_rate"": 0.013773977335445541, ""max_depth"": 11, ""n_estimators"": 1102, ""reg_alpha"": 0.03773659658146622, ""reg_lambda"": 0.7613488583538435, ""subsample"": 0.8737239523738184}",COMPLETE
11,0.18051605114101377,2026-09-19 16:40:52.727953,2026-09-19 16:40:53.733484,0 days 00:00:01.005531,0.6792386200490397,0.02016614247117489,4,947,1.963310311029193,3.2527496938518503,0.8395125620234415,,"{""colsample_bytree"": 0.6792386200490397, ""learning_rate"": 0.02016614247117489, ""max_depth"": 4, ""n_estimators"": 947, ""reg_alpha"": 1.963310311029193, ""reg_lambda"": 3.2527496938518503, ""subsample"": 0.8395125620234415}",PRUNED
12,0.23309784785727167,2026-09-19 16:40:53.733484,2026-09-19 16:40:55.441844,0 days 00:00:01.708360,0.5153805451132992,0.0224669566385069,1,973,1.531151548231564,3.229295350336759,0.9154764289141728,,"{""colsample_bytree"": 0.5153805451132992, ""learning_rate"": 0.0224669566385069, ""max_depth"": 1, ""n_estimators"": 973, ""reg_alpha"": 1.531151548231564, ""reg_lambda"": 3.229295350336759, ""subsample"": 0.9154764289141728}",COMPLETE
13,0.22780526366541803,2026-09-19 16:40:55.441844,2026-09-19 16:40:56.700845,0 days 00:00:01.259001,0.5480261186555178,0.019646926334495687,1,718,1.4545884379540288,4.086434567342245,0.8286823407201854,,"{""colsample_bytree"": 0.5480261186555178, ""learning_rate"": 0.019646926334495687, ""max_depth"": 1, ""n_estimators"": 718, ""reg_alpha"": 1.4545884379540288, ""reg_lambda"": 4.086434567342245, ""subsample"": 0.8286823407201854}",COMPLETE
14,0.16960453906259818,2026-09-19 16:40:56.700845,2026-09-19 16:40:57.097721,0 days 00:00:00.396876,0.5941990538952031,0.03460349038133047,2,758,1.042941625106714,2.4039700920348004,0.9335492647133242,,"{""colsample_bytree"": 0.5941990538952031, ""learning_rate"": 0.03460349038133047, ""max_depth"": 2, ""n_estimators"": 758, ""reg_alpha"": 1.042941625106714, ""reg_lambda"": 2.4039700920348004, ""subsample"": 0.9335492647133242}",PRUNED
15,0.16642213598388841,2026-09-19 16:40:57.098719,2026-09-19 16:40:57.465083,0 days 00:00:00.366364,0.5632685118340924,0.07823046298863379,2,759,3.5453268699315097,3.3816377999339133,0.8734723801327782,,"{""colsample_bytree"": 0.5632685118340924, ""learning_rate"": 0.07823046298863379, ""max_depth"": 2, ""n_estimators"": 759, ""reg_alpha"": 3.5453268699315097, ""reg_lambda"": 3.3816377999339133, ""subsample"": 0.8734723801327782}",PRUNED
16,0.1855245373969369,2026-09-19 16:40:57.465083,2026-09-19 16:40:57.953049,0 days 00:00:00.487966,0.6554565741138699,0.010612758533421654,2,1071,1.6456210582003792,3.508496400541927,0.9656095499498052,,"{""colsample_bytree"": 0.6554565741138699, ""learning_rate"": 0.010612758533421654, ""max_depth"": 2, ""n_estimators"": 1071, ""reg_alpha"": 1.6456210582003792, ""reg_lambda"": 3.508496400541927, ""subsample"": 0.9656095499498052}",PRUNED
17,0.23225945969293327,2026-09-19 16:40:57.953049,2026-09-19 16:40:59.730677,0 days 00:00:01.777628,0.5225515515476006,0.0131119315163414,1,998,0.03334015033236515,3.2108078095246335,0.9041030644772596,,"{""colsample_bytree"": 0.5225515515476006, ""learning_rate"": 0.0131119315163414, ""max_depth"": 1, ""n_estimators"": 998, ""reg_alpha"": 0.03334015033236515, ""reg_lambda"": 3.2108078095246335, ""subsample"": 0.9041030644772596}",COMPLETE
18,0.17485599676951555,2026-09-19 16:40:59.730677,2026-09-19 16:41:00.552105,0 days 00:00:00.821428,0.5302133677968832,0.02244841542110531,4,994,2.732949805715963,3.1067495752121266,0.9983218547016911,,"{""colsample_bytree"": 0.5302133677968832, ""learning_rate"": 0.02244841542110531, ""max_depth"": 4, ""n_estimators"": 994, ""reg_alpha"": 2.732949805715963, ""reg_lambda"": 3.1067495752121266, ""subsample"": 0.9983218547016911}",PRUNED
19,0.1879787532063481,2026-09-19 16:41:00.552105,2026-09-19 16:41:00.897229,0 days 00:00:00.345124,0.5838603904534154,0.025802362264234255,1,973,1.7563543790252576,3.652221732402935,0.9346940313288821,,"{""colsample_bytree"": 0.5838603904534154, ""learning_rate"": 0.025802362264234255, ""max_depth"": 1, ""n_estimators"": 973, ""reg_alpha"": 1.7563543790252576, ""reg_lambda"": 3.652221732402935, ""subsample"": 0.9346940313288821}",PRUNED
20,0.23442798438807358,2026-09-19 16:41:00.897229,2026-09-19 16:41:02.983018,0 days 00:00:02.085789,0.5159846793084807,0.01496166678258175,1,1160,0.12923705265338442,3.8675875909866764,0.8333161090517434,,"{""colsample_bytree"": 0.5159846793084807, ""learning_rate"": 0.01496166678258175, ""max_depth"": 1, ""n_estimators"": 1160, ""reg_alpha"": 0.12923705265338442, ""reg_lambda"": 3.8675875909866764, ""subsample"": 0.8333161090517434}",COMPLETE
21,0.17551628425078358,2026-09-19 16:41:02.983018,2026-09-19 16:41:03.947499,0 days 00:00:00.964481,0.5265590691055129,0.01579222355720679,4,1128,1.4207049998876502,3.273370377237768,0.8262157414684941,,"{""colsample_bytree"": 0.5265590691055129, ""learning_rate"": 0.01579222355720679, ""max_depth"": 4, ""n_estimators"": 1128, ""reg_alpha"": 1.4207049998876502, ""reg_lambda"": 3.273370377237768, ""subsample"": 0.8262157414684941}",PRUNED
22,0.18763141201815733,2026-09-19 16:41:03.947499,2026-09-19 16:41:04.452970,0 days 00:00:00.505471,0.5120122532886163,0.011544089037638278,2,961,0.7545347578157798,3.4660160885648184,0.8895240403874374,,"{""colsample_bytree"": 0.5120122532886163, ""learning_rate"": 0.011544089037638278, ""max_depth"": 2, ""n_estimators"": 961, ""reg_alpha"": 0.7545347578157798, ""reg_lambda"": 3.4660160885648184, ""subsample"": 0.8895240403874374}",PRUNED
23,0.180106577139692,2026-09-19 16:41:04.452970,2026-09-19 16:41:05.541604,0 days 00:00:01.088634,0.6249526888488001,0.0278066528619011,3,1047,0.005616613580561675,4.024355637265434,0.8467688741495701,,"{""colsample_bytree"": 0.6249526888488001, ""learning_rate"": 0.0278066528619011, ""max_depth"": 3, ""n_estimators"": 1047, ""reg_alpha"": 0.005616613580561675, ""reg_lambda"": 4.024355637265434, ""subsample"": 0.8467688741495701}",PRUNED
24,0.23217624168246792,2026-09-19 16:41:05.541604,2026-09-19 16:41:07.647710,0 days 00:00:02.106106,0.5721259864477055,0.013929470816427933,1,1174,0.12287085979086035,2.478718027603781,0.8882466709794081,,"{""colsample_bytree"": 0.5721259864477055, ""learning_rate"": 0.013929470816427933, ""max_depth"": 1, ""n_estimators"": 1174, ""reg_alpha"": 0.12287085979086035, ""reg_lambda"": 2.478718027603781, ""subsample"": 0.8882466709794081}",COMPLETE
25,0.17751511253585273,2026-09-19 16:41:07.647710,2026-09-19 16:41:08.616943,0 days 00:00:00.969233,0.500223223357824,0.012136630618493516,4,1097,0.015646729157477383,2.9660642674488793,0.9894041832852319,,"{""colsample_bytree"": 0.500223223357824, ""learning_rate"": 0.012136630618493516, ""max_depth"": 4, ""n_estimators"": 1097, ""reg_alpha"": 0.015646729157477383, ""reg_lambda"": 2.9660642674488793, ""subsample"": 0.9894041832852319}",PRUNED
26,0.1735678636274491,2026-09-19 16:41:08.616943,2026-09-19 16:41:09.967809,0 days 00:00:01.350866,0.501189183079408,0.010926848035171617,5,1099,0.6823645100466824,4.189475867981861,0.8396708758631701,,"{""colsample_bytree"": 0.501189183079408, ""learning_rate"": 0.010926848035171617, ""max_depth"": 5, ""n_estimators"": 1099, ""reg_alpha"": 0.6823645100466824, ""reg_lambda"": 4.189475867981861, ""subsample"": 0.8396708758631701}",PRUNED
27,0.18701506725851721,2026-09-19 16:41:09.967809,2026-09-19 16:41:10.373958,0 days 00:00:00.406149,0.5869454295342734,0.02830332270282556,1,1096,0.32445263003170755,3.837023761656857,0.9487630458491106,,"{""colsample_bytree"": 0.5869454295342734, ""learning_rate"": 0.02830332270282556, ""max_depth"": 1, ""n_estimators"": 1096, ""reg_alpha"": 0.32445263003170755, ""reg_lambda"": 3.837023761656857, ""subsample"": 0.9487630458491106}",PRUNED
28,0.18785169988723482,2026-09-19 16:41:10.373958,2026-09-19 16:41:10.707919,0 days 00:00:00.333961,0.5045272130769657,0.025963490446343187,1,901,0.9731176291291399,4.213504236144143,0.8797571022001376,,"{""colsample_bytree"": 0.5045272130769657, ""learning_rate"": 0.025963490446343187, ""max_depth"": 1, ""n_estimators"": 901, ""reg_alpha"": 0.9731176291291399, ""reg_lambda"": 4.213504236144143, ""subsample"": 0.8797571022001376}",PRUNED
29,0.2285434960350264,2026-09-19 16:41:10.707919,2026-09-19 16:41:12.277852,0 days 00:00:01.569933,0.5418173138965551,0.013545010127703021,1,919,1.6773069079499834,3.555156613865178,0.8884301919502128,,"{""colsample_bytree"": 0.5418173138965551, ""learning_rate"": 0.013545010127703021, ""max_depth"": 1, ""n_estimators"": 919, ""reg_alpha"": 1.6773069079499834, ""reg_lambda"": 3.555156613865178, ""subsample"": 0.8884301919502128}",COMPLETE
