number,value,datetime_start,datetime_complete,duration,params_colsample_bytree,params_learning_rate,params_max_depth,params_n_estimators,params_reg_alpha,params_reg_lambda,params_subsample,system_attrs_fixed_params,system_attrs_tpe:relative_params:0,state
0,0.22934905553125923,2026-09-19 16:39:40.598152,2026-09-19 16:39:42.281641,0 days 00:00:01.683489,0.781526069129198,0.06261929620791179,1,772,2.69921339565992,1.9650692643741328,0.6438566906133439,"{'n_estimators': 772, 'learning_rate': 0.06261929620791179, 'max_depth': 1, 'subsample': 0.6438566906133439, 'colsample_bytree': 0.781526069129198, 'reg_alpha': 2.69921339565992, 'reg_lambda': 1.9650692643741328}",,COMPLETE
1,0.20392535988835342,2026-09-19 16:39:42.282640,2026-09-19 16:39:44.162133,0 days 00:00:01.879493,0.5780093202212182,0.2536999076681772,9,574,0.7799726016810132,0.2904180608409973,0.8394633936788146,,,COMPLETE
2,0.20654691257703095,2026-09-19 16:39:44.162133,2026-09-19 16:39:48.500638,0 days 00:00:04.338505,0.9849549260809971,0.07725378389307355,9,1067,4.162213204002109,1.0616955533913808,0.608233797718321,,,COMPLETE
3,0.22347297898311602,2026-09-19 16:39:48.500638,2026-09-19 16:39:50.344360,0 days 00:00:01.843722,0.7159725093210578,0.018659959624904916,4,382,1.4561457009902097,3.0592644736118975,0.8099025726528951,,,COMPLETE
4,0.21971024053499236,2026-09-19 16:39:50.344360,2026-09-19 16:39:53.132181,0 days 00:00:02.787821,0.8925879806965068,0.027010527749605478,5,339,0.9983689107917987,2.571172192068058,0.7824279936868144,,,COMPLETE
5,0.16063427856652554,2026-09-19 16:39:53.132181,2026-09-19 16:39:54.418846,0 days 00:00:01.286665,0.5325257964926398,0.011711509955524094,8,793,4.7444276862666666,4.828160165372797,0.6682096494749166,,,PRUNED
6,0.23082530086898298,2026-09-19 16:39:54.418846,2026-09-19 16:39:57.062830,0 days 00:00:02.643984,0.7200762468698007,0.028180680291847244,2,1009,0.6101911742238941,2.475884550556351,0.8736932106048627,,,COMPLETE
7,0.17501203131617094,2026-09-19 16:39:57.062830,2026-09-19 16:39:57.226350,0 days 00:00:00.163520,0.6558555380447055,0.22038218939289875,4,234,2.600340105889054,2.7335513967163982,0.8650089137415928,,,PRUNED
8,0.15998575050705346,2026-09-19 16:39:57.226350,2026-09-19 16:39:57.529269,0 days 00:00:00.302919,0.9474136752138245,0.27051668818999286,10,385,2.9894998940554256,4.609371175115584,0.9757995766256756,,,PRUNED
9,0.19094154801890725,2026-09-19 16:39:57.529269,2026-09-19 16:39:57.638460,0 days 00:00:00.109191,0.6943386448447411,0.01947558230629543,1,288,1.3567451588694794,4.143687545759647,0.7301321323053057,,,PRUNED
10,0.19539286086252516,2026-09-19 16:39:57.638460,2026-09-19 16:39:58.026452,0 days 00:00:00.387992,0.5200027144926168,0.015730268965172486,2,875,1.5971862862734376,3.068884469957136,0.9309770352075754,,"{""colsample_bytree"": 0.5200027144926168, ""learning_rate"": 0.015730268965172486, ""max_depth"": 2, ""n_estimators"": 875, ""reg_alpha"": 1.5971862862734376, ""reg_lambda"": 3.068884469957136, ""subsample"": 0.9309770352075754}",PRUNED
11,0.19223494364584326,2026-09-19 16:39:58.026452,2026-09-19 16:39:58.839223,0 days 00:00:00.812771,0.8165121702067488,0.04178628650655616,4,780,3.5822152644161185,2.422499538414505,0.8183311446113024,,"{""colsample_bytree"": 0.8165121702067488, ""learning_rate"": 0.04178628650655616, ""max_depth"": 4, ""n_estimators"": 780, ""reg_alpha"": 3.5822152644161185, ""reg_lambda"": 2.422499538414505, ""subsample"": 0.8183311446113024}",PRUNED
12,0.22437649880082597,2026-09-19 16:39:58.839223,2026-09-19 16:40:01.588744,0 days 00:00:02.749521,0.7774536104248444,0.024948766083466772,2,916,0.14615946797163415,2.330922132427275,0.6782561163571956,,"{""colsample_bytree"": 0.7774536104248444, ""learning_rate"": 0.024948766083466772, ""max_depth"": 2, ""n_estimators"": 916, ""reg_alpha"": 0.14615946797163415, ""reg_lambda"": 2.330922132427275, ""subsample"": 0.6782561163571956}",COMPLETE
13,0.19991523836737946,2026-09-19 16:40:01.588744,2026-09-19 16:40:02.188000,0 days 00:00:00.599256,0.7252583081139429,0.03237101731186772,2,1096,0.20417296098539428,1.4947640433051927,0.8669834408536314,,"{""colsample_bytree"": 0.7252583081139429, ""learning_rate"": 0.03237101731186772, ""max_depth"": 2, ""n_estimators"": 1096, ""reg_alpha"": 0.20417296098539428, ""reg_lambda"": 1.4947640433051927, ""subsample"": 0.8669834408536314}",PRUNED
14,0.19414553869456108,2026-09-19 16:40:02.188000,2026-09-19 16:40:02.762405,0 days 00:00:00.574405,0.7298486550490296,0.04111506851614818,3,785,0.8472008615245081,1.761096261293631,0.9046945470672464,,"{""colsample_bytree"": 0.7298486550490296, ""learning_rate"": 0.04111506851614818, ""max_depth"": 3, ""n_estimators"": 785, ""reg_alpha"": 0.8472008615245081, ""reg_lambda"": 1.761096261293631, ""subsample"": 0.9046945470672464}",PRUNED
15,0.20564066779374424,2026-09-19 16:40:02.762405,2026-09-19 16:40:03.607703,0 days 00:00:00.845298,0.8346167132956301,0.0330386218648446,1,750,2.26796506828004,1.7389752854868763,0.8347793945848024,,"{""colsample_bytree"": 0.8346167132956301, ""learning_rate"": 0.0330386218648446, ""max_depth"": 1, ""n_estimators"": 750, ""reg_alpha"": 2.26796506828004, ""reg_lambda"": 1.7389752854868763, ""subsample"": 0.8347793945848024}",PRUNED
16,0.22781310859347176,2026-09-19 16:40:03.607703,2026-09-19 16:40:06.031876,0 days 00:00:02.424173,0.7489099559938276,0.01835596642921182,2,916,1.1095504417040156,3.9314419901389033,0.8746960642321124,,"{""colsample_bytree"": 0.7489099559938276, ""learning_rate"": 0.01835596642921182, ""max_depth"": 2, ""n_estimators"": 916, ""reg_alpha"": 1.1095504417040156, ""reg_lambda"": 3.9314419901389033, ""subsample"": 0.8746960642321124}",COMPLETE
17,0.20585418739739017,2026-09-19 16:40:06.031876,2026-09-19 16:40:06.780940,0 days 00:00:00.749064,0.8135154681775608,0.017772218779568544,1,768,1.7675393106176778,2.720463502218017,0.7538946289018,,"{""colsample_bytree"": 0.8135154681775608, ""learning_rate"": 0.017772218779568544, ""max_depth"": 1, ""n_estimators"": 768, ""reg_alpha"": 1.7675393106176778, ""reg_lambda"": 2.720463502218017, ""subsample"": 0.7538946289018}",PRUNED
18,0.19065096428126535,2026-09-19 16:40:06.780940,2026-09-19 16:40:07.369169,0 days 00:00:00.588229,0.6915821692142201,0.03283211047049361,3,864,1.2798153420547367,2.276434288398479,0.6391283508947929,,"{""colsample_bytree"": 0.6915821692142201, ""learning_rate"": 0.03283211047049361, ""max_depth"": 3, ""n_estimators"": 864, ""reg_alpha"": 1.2798153420547367, ""reg_lambda"": 2.276434288398479, ""subsample"": 0.6391283508947929}",PRUNED
19,0.19457543499960003,2026-09-19 16:40:07.369169,2026-09-19 16:40:07.705969,0 days 00:00:00.336800,0.7106770338740653,0.04354149324518672,1,980,2.6530123494322204,3.0651441598259916,0.9073460947862618,,"{""colsample_bytree"": 0.7106770338740653, ""learning_rate"": 0.04354149324518672, ""max_depth"": 1, ""n_estimators"": 980, ""reg_alpha"": 2.6530123494322204, ""reg_lambda"": 3.0651441598259916, ""subsample"": 0.9073460947862618}",PRUNED
20,0.20571807286925972,2026-09-19 16:40:07.705969,2026-09-19 16:40:08.519888,0 days 00:00:00.813919,0.757385047173386,0.06377791034213803,1,798,3.5164524399465957,1.5387622598718955,0.7603497585801671,,"{""colsample_bytree"": 0.757385047173386, ""learning_rate"": 0.06377791034213803, ""max_depth"": 1, ""n_estimators"": 798, ""reg_alpha"": 3.5164524399465957, ""reg_lambda"": 1.5387622598718955, ""subsample"": 0.7603497585801671}",PRUNED
21,0.20094235198391314,2026-09-19 16:40:08.519888,2026-09-19 16:40:09.335996,0 days 00:00:00.816108,0.8396232667935288,0.01686954580230138,3,787,0.1286701984017008,3.8820828426291323,0.8029296307476499,,"{""colsample_bytree"": 0.8396232667935288, ""learning_rate"": 0.01686954580230138, ""max_depth"": 3, ""n_estimators"": 787, ""reg_alpha"": 0.1286701984017008, ""reg_lambda"": 3.8820828426291323, ""subsample"": 0.8029296307476499}",PRUNED
22,0.2230544258487442,2026-09-19 16:40:09.335996,2026-09-19 16:40:12.837517,0 days 00:00:03.501521,0.715955236387027,0.019303962523519954,3,875,0.9457278299621681,3.8679100946803575,0.9496792334589704,,"{""colsample_bytree"": 0.715955236387027, ""learning_rate"": 0.019303962523519954, ""max_depth"": 3, ""n_estimators"": 875, ""reg_alpha"": 0.9457278299621681, ""reg_lambda"": 3.8679100946803575, ""subsample"": 0.9496792334589704}",COMPLETE
23,0.19107700238900518,2026-09-19 16:40:12.837517,2026-09-19 16:40:14.303423,0 days 00:00:01.465906,0.7985889460840885,0.011802454658494449,5,921,1.1607468915429777,2.8631773440969766,0.8892605703803923,,"{""colsample_bytree"": 0.7985889460840885, ""learning_rate"": 0.011802454658494449, ""max_depth"": 5, ""n_estimators"": 921, ""reg_alpha"": 1.1607468915429777, ""reg_lambda"": 2.8631773440969766, ""subsample"": 0.8892605703803923}",PRUNED
24,0.20032082045016672,2026-09-19 16:40:14.303423,2026-09-19 16:40:14.654981,0 days 00:00:00.351558,0.6271641836327536,0.02483588733131085,1,985,1.6399266073423109,2.8077015345811036,0.9544741726763475,,"{""colsample_bytree"": 0.6271641836327536, ""learning_rate"": 0.02483588733131085, ""max_depth"": 1, ""n_estimators"": 985, ""reg_alpha"": 1.6399266073423109, ""reg_lambda"": 2.8077015345811036, ""subsample"": 0.9544741726763475}",PRUNED
25,0.1941259333623487,2026-09-19 16:40:14.654981,2026-09-19 16:40:15.329158,0 days 00:00:00.674177,0.7768177779217047,0.013964689077945652,3,921,0.7759314397845898,4.643116539422051,0.7363870451879161,,"{""colsample_bytree"": 0.7768177779217047, ""learning_rate"": 0.013964689077945652, ""max_depth"": 3, ""n_estimators"": 921, ""reg_alpha"": 0.7759314397845898, ""reg_lambda"": 4.643116539422051, ""subsample"": 0.7363870451879161}",PRUNED
26,0.19799271348975733,2026-09-19 16:40:15.329158,2026-09-19 16:40:15.755815,0 days 00:00:00.426657,0.6393894347533802,0.03225647783096826,2,902,0.32511865971963405,2.1143061227784123,0.7843714454303511,,"{""colsample_bytree"": 0.6393894347533802, ""learning_rate"": 0.03225647783096826, ""max_depth"": 2, ""n_estimators"": 902, ""reg_alpha"": 0.32511865971963405, ""reg_lambda"": 2.1143061227784123, ""subsample"": 0.7843714454303511}",PRUNED
27,0.2294643891466222,2026-09-19 16:40:15.755815,2026-09-19 16:40:18.964507,0 days 00:00:03.208692,0.7593144581109492,0.010109687471429502,3,960,2.1463597112618995,3.079714465394364,0.8871739190784236,,"{""colsample_bytree"": 0.7593144581109492, ""learning_rate"": 0.010109687471429502, ""max_depth"": 3, ""n_estimators"": 960, ""reg_alpha"": 2.1463597112618995, ""reg_lambda"": 3.079714465394364, ""subsample"": 0.8871739190784236}",COMPLETE
28,0.19442800225840318,2026-09-19 16:40:18.964507,2026-09-19 16:40:19.675875,0 days 00:00:00.711368,0.7769602164949233,0.024810655102713144,3,934,2.2055612641375326,3.219723844542621,0.831314935969673,,"{""colsample_bytree"": 0.7769602164949233, ""learning_rate"": 0.024810655102713144, ""max_depth"": 3, ""n_estimators"": 934, ""reg_alpha"": 2.2055612641375326, ""reg_lambda"": 3.219723844542621, ""subsample"": 0.831314935969673}",PRUNED
29,0.19849258119908145,2026-09-19 16:40:19.675875,2026-09-19 16:40:20.269948,0 days 00:00:00.594073,0.804268025533143,0.014504610018915563,3,764,1.8974243960530197,2.415635855499681,0.9474250411315123,,"{""colsample_bytree"": 0.804268025533143, ""learning_rate"": 0.014504610018915563, ""max_depth"": 3, ""n_estimators"": 764, ""reg_alpha"": 1.8974243960530197, ""reg_lambda"": 2.415635855499681, ""subsample"": 0.9474250411315123}",PRUNED
