number,value,datetime_start,datetime_complete,duration,params_C,params_l1_ratio,system_attrs_fixed_params,system_attrs_tpe:relative_params:0,state
0,0.2817908341535088,2026-09-19 17:24:48.462340,2026-09-19 17:24:49.096565,0 days 00:00:00.634225,0.004924406851833448,0.02561621916740343,"{'C': 0.004924406851833448, 'l1_ratio': 0.02561621916740343}",,COMPLETE
1,0.2717210245323714,2026-09-19 17:24:49.096565,2026-09-19 17:25:00.572853,0 days 00:00:11.476288,0.0074593432857265485,0.9507143064099162,,,COMPLETE
2,0.26229173157942665,2026-09-19 17:25:00.572853,2026-09-19 17:25:21.425209,0 days 00:00:20.852356,0.4570563099801455,0.5986584841970366,,,COMPLETE
3,0.2549489466104797,2026-09-19 17:25:21.425209,2026-09-19 17:25:21.618237,0 days 00:00:00.193028,0.0006026889128682511,0.15599452033620265,,,COMPLETE
4,0.09770114942528736,2026-09-19 17:25:21.618237,2026-09-19 17:25:21.658382,0 days 00:00:00.040145,0.00019517224641449495,0.8661761457749352,,,COMPLETE
5,0.2657539780518555,2026-09-19 17:25:21.658382,2026-09-19 17:25:35.001343,0 days 00:00:13.342961,0.10129197956845731,0.7080725777960455,,,COMPLETE
6,0.09770114942528736,2026-09-19 17:25:35.001343,2026-09-19 17:25:35.010339,0 days 00:00:00.008996,0.00012674255898937226,0.9699098521619943,,,PRUNED
7,0.3015752005638363,2026-09-19 17:25:35.010339,2026-09-19 17:25:39.714108,0 days 00:00:04.703769,1.452824663751602,0.21233911067827616,,,PRUNED
8,0.3174034127074392,2026-09-19 17:25:39.714108,2026-09-19 17:25:39.754835,0 days 00:00:00.040727,0.0008111941985431928,0.18340450985343382,,,PRUNED
9,0.2727661856464253,2026-09-19 17:25:39.754835,2026-09-19 17:25:39.994831,0 days 00:00:00.239996,0.0033205591037519565,0.5247564316322378,,,COMPLETE
10,0.2700721400964269,2026-09-19 17:25:39.994831,2026-09-19 17:25:41.383973,0 days 00:00:01.389142,0.02461722009307664,0.1713042803311789,,"{""C"": 0.02461722009307664, ""l1_ratio"": 0.1713042803311789}",COMPLETE
11,0.09770114942528736,2026-09-19 17:25:41.383973,2026-09-19 17:25:41.408478,0 days 00:00:00.024505,0.0009552760128210731,0.5189496514160602,,"{""C"": 0.0009552760128210731, ""l1_ratio"": 0.5189496514160602}",PRUNED
12,0.2834109247359873,2026-09-19 17:25:41.408478,2026-09-19 17:25:56.275783,0 days 00:00:14.867305,0.012269186243013852,0.4332155535112314,,"{""C"": 0.012269186243013852, ""l1_ratio"": 0.4332155535112314}",COMPLETE
13,0.27630994516272417,2026-09-19 17:25:56.276780,2026-09-19 17:25:57.010637,0 days 00:00:00.733857,0.014510212865867766,0.33177152883049627,,"{""C"": 0.014510212865867766, ""l1_ratio"": 0.33177152883049627}",COMPLETE
14,0.30316770836324675,2026-09-19 17:25:57.010637,2026-09-19 17:25:57.059849,0 days 00:00:00.049212,0.0001196668883226712,0.028633116269720982,,"{""C"": 0.0001196668883226712, ""l1_ratio"": 0.028633116269720982}",PRUNED
15,0.32940239454977893,2026-09-19 17:25:57.059849,2026-09-19 17:25:57.437385,0 days 00:00:00.377536,0.04118285626340767,0.04817196639041337,,"{""C"": 0.04118285626340767, ""l1_ratio"": 0.04817196639041337}",PRUNED
16,0.3005381084718729,2026-09-19 17:25:57.437385,2026-09-19 17:26:05.322711,0 days 00:00:07.885326,5.649415554484891,0.9726270910956956,,"{""C"": 5.649415554484891, ""l1_ratio"": 0.9726270910956956}",PRUNED
17,0.32883212521896843,2026-09-19 17:26:05.322711,2026-09-19 17:26:06.224263,0 days 00:00:00.901552,0.13145004750404402,0.31976608490456665,,"{""C"": 0.13145004750404402, ""l1_ratio"": 0.31976608490456665}",PRUNED
18,0.32081340189082685,2026-09-19 17:26:06.224263,2026-09-19 17:26:06.276376,0 days 00:00:00.052113,0.0029055454132416807,0.3227400378076853,,"{""C"": 0.0029055454132416807, ""l1_ratio"": 0.3227400378076853}",PRUNED
19,0.285451693716787,2026-09-19 17:26:06.276376,2026-09-19 17:26:06.709113,0 days 00:00:00.432737,0.00370276467682979,0.08167422302101715,,"{""C"": 0.00370276467682979, ""l1_ratio"": 0.08167422302101715}",COMPLETE
20,0.09770114942528736,2026-09-19 17:26:06.709113,2026-09-19 17:26:06.723025,0 days 00:00:00.013912,0.00015413805889108475,0.24560345109151646,,"{""C"": 0.00015413805889108475, ""l1_ratio"": 0.24560345109151646}",PRUNED
21,0.28820055884729656,2026-09-19 17:26:06.723025,2026-09-19 17:26:07.089068,0 days 00:00:00.366043,0.0018818543388307762,0.03531187936374706,,"{""C"": 0.0018818543388307762, ""l1_ratio"": 0.03531187936374706}",COMPLETE
22,0.3248243052935129,2026-09-19 17:26:07.089068,2026-09-19 17:26:07.139115,0 days 00:00:00.050047,0.005156513658920371,0.73961206874037,,"{""C"": 0.005156513658920371, ""l1_ratio"": 0.73961206874037}",PRUNED
23,0.33420372486122196,2026-09-19 17:26:07.139115,2026-09-19 17:26:07.179270,0 days 00:00:00.040155,0.0005419751184518644,0.03928450577676694,,"{""C"": 0.0005419751184518644, ""l1_ratio"": 0.03928450577676694}",PRUNED
24,0.30101273955211383,2026-09-19 17:26:07.179270,2026-09-19 17:26:12.364504,0 days 00:00:05.185234,2.066814670973532,0.045282014855484165,,"{""C"": 2.066814670973532, ""l1_ratio"": 0.045282014855484165}",PRUNED
25,0.28258733518906975,2026-09-19 17:26:12.364504,2026-09-19 17:26:12.688313,0 days 00:00:00.323809,0.0038613197547870542,0.18153279756578627,,"{""C"": 0.0038613197547870542, ""l1_ratio"": 0.18153279756578627}",COMPLETE
26,0.09770114942528736,2026-09-19 17:26:12.688313,2026-09-19 17:26:12.704347,0 days 00:00:00.016034,0.0003133807163001337,0.4053481897536349,,"{""C"": 0.0003133807163001337, ""l1_ratio"": 0.4053481897536349}",PRUNED
27,0.276123185419857,2026-09-19 17:26:12.704347,2026-09-19 17:26:31.314499,0 days 00:00:18.610152,0.012272369416184844,0.614863271223103,,"{""C"": 0.012272369416184844, ""l1_ratio"": 0.614863271223103}",COMPLETE
28,0.3000923104235411,2026-09-19 17:26:31.314499,2026-09-19 17:26:39.145321,0 days 00:00:07.830822,9.551743658898701,0.4247929610827382,,"{""C"": 9.551743658898701, ""l1_ratio"": 0.4247929610827382}",PRUNED
29,0.2880204962086868,2026-09-19 17:26:39.145321,2026-09-19 17:26:39.509480,0 days 00:00:00.364159,0.0015531303170270253,0.056376065365519534,,"{""C"": 0.0015531303170270253, ""l1_ratio"": 0.056376065365519534}",COMPLETE
