number,value,datetime_start,datetime_complete,duration,params_colsample_bytree,params_learning_rate,params_max_depth,params_n_estimators,params_reg_alpha,params_reg_lambda,params_subsample,system_attrs_fixed_params,system_attrs_tpe:relative_params:0,state
0,0.24076060255898124,2026-09-19 18:09:14.604927,2026-09-19 18:09:16.660319,0 days 00:00:02.055392,0.9790801399768877,0.019701118602783466,2,483,3.6912026372296363,1.719217927487555,0.8950923086598747,"{'n_estimators': 483, 'learning_rate': 0.019701118602783466, 'max_depth': 2, 'subsample': 0.8950923086598747, 'colsample_bytree': 0.9790801399768877, 'reg_alpha': 3.6912026372296363, 'reg_lambda': 1.719217927487555}",,COMPLETE
1,0.1942488492099894,2026-09-19 18:09:16.660319,2026-09-19 18:09:21.103596,0 days 00:00:04.443277,0.5780093202212182,0.2536999076681772,9,574,0.7799726016810132,0.2904180608409973,0.8394633936788146,,,COMPLETE
2,0.21434520204475907,2026-09-19 18:09:21.103596,2026-09-19 18:09:32.447350,0 days 00:00:11.343754,0.9849549260809971,0.07725378389307355,9,1067,4.162213204002109,1.0616955533913808,0.608233797718321,,,COMPLETE
3,0.22256631126733173,2026-09-19 18:09:32.447350,2026-09-19 18:09:35.242131,0 days 00:00:02.794781,0.7159725093210578,0.018659959624904916,4,382,1.4561457009902097,3.0592644736118975,0.8099025726528951,,,COMPLETE
4,0.20871296650159166,2026-09-19 18:09:35.242131,2026-09-19 18:09:40.109406,0 days 00:00:04.867275,0.8925879806965068,0.027010527749605478,5,339,0.9983689107917987,2.571172192068058,0.7824279936868144,,,COMPLETE
5,0.22823885897145568,2026-09-19 18:09:40.109406,2026-09-19 18:09:59.109795,0 days 00:00:19.000389,0.5325257964926398,0.011711509955524094,8,793,4.7444276862666666,4.828160165372797,0.6682096494749166,,,COMPLETE
6,0.22438521136972014,2026-09-19 18:09:59.109795,2026-09-19 18:10:02.866830,0 days 00:00:03.757035,0.7200762468698007,0.028180680291847244,2,1009,0.6101911742238941,2.475884550556351,0.8736932106048627,,,COMPLETE
7,0.180937030329777,2026-09-19 18:10:02.866830,2026-09-19 18:10:03.197251,0 days 00:00:00.330421,0.6558555380447055,0.22038218939289875,4,234,2.600340105889054,2.7335513967163982,0.8650089137415928,,,PRUNED
8,0.15905104218237223,2026-09-19 18:10:03.197251,2026-09-19 18:10:03.900622,0 days 00:00:00.703371,0.9474136752138245,0.27051668818999286,10,385,2.9894998940554256,4.609371175115584,0.9757995766256756,,,PRUNED
9,0.23569562175210818,2026-09-19 18:10:03.900622,2026-09-19 18:10:04.735117,0 days 00:00:00.834495,0.6943386448447411,0.01947558230629543,1,288,1.3567451588694794,4.143687545759647,0.7301321323053057,,,COMPLETE
10,0.19869810178773956,2026-09-19 18:10:04.735117,2026-09-19 18:10:05.735766,0 days 00:00:01.000649,0.9851869098489393,0.011493282540605405,4,572,2.357856305629575,4.8963388389716,0.9763723770217904,,"{""colsample_bytree"": 0.9851869098489393, ""learning_rate"": 0.011493282540605405, ""max_depth"": 4, ""n_estimators"": 572, ""reg_alpha"": 2.357856305629575, ""reg_lambda"": 4.8963388389716, ""subsample"": 0.9763723770217904}",PRUNED
11,0.2409805463881763,2026-09-19 18:10:05.735766,2026-09-19 18:10:07.863545,0 days 00:00:02.127779,0.8575848060983975,0.014203792578164126,2,529,3.750379866786053,3.185648874271909,0.7156237038334943,,"{""colsample_bytree"": 0.8575848060983975, ""learning_rate"": 0.014203792578164126, ""max_depth"": 2, ""n_estimators"": 529, ""reg_alpha"": 3.750379866786053, ""reg_lambda"": 3.185648874271909, ""subsample"": 0.7156237038334943}",COMPLETE
12,0.240122021668425,2026-09-19 18:10:07.863545,2026-09-19 18:10:09.536594,0 days 00:00:01.673049,0.873349293488141,0.02175100453235396,1,641,4.400881288570859,1.9836363978346345,0.8091162562316789,,"{""colsample_bytree"": 0.873349293488141, ""learning_rate"": 0.02175100453235396, ""max_depth"": 1, ""n_estimators"": 641, ""reg_alpha"": 4.400881288570859, ""reg_lambda"": 1.9836363978346345, ""subsample"": 0.8091162562316789}",COMPLETE
13,0.1881916918221375,2026-09-19 18:10:09.536594,2026-09-19 18:10:10.514910,0 days 00:00:00.978316,0.9774670822377683,0.016753181923541582,4,563,4.167594132833528,1.4664428507950704,0.9639678149194361,,"{""colsample_bytree"": 0.9774670822377683, ""learning_rate"": 0.016753181923541582, ""max_depth"": 4, ""n_estimators"": 563, ""reg_alpha"": 4.167594132833528, ""reg_lambda"": 1.4664428507950704, ""subsample"": 0.9639678149194361}",PRUNED
14,0.22575261275660916,2026-09-19 18:10:10.515911,2026-09-19 18:10:10.745144,0 days 00:00:00.229233,0.8968871225077006,0.013344033938703165,1,373,3.243655795643088,2.362896013912545,0.7221756476511583,,"{""colsample_bytree"": 0.8968871225077006, ""learning_rate"": 0.013344033938703165, ""max_depth"": 1, ""n_estimators"": 373, ""reg_alpha"": 3.243655795643088, ""reg_lambda"": 2.362896013912545, ""subsample"": 0.7221756476511583}",PRUNED
15,0.2386996911356995,2026-09-19 18:10:10.745144,2026-09-19 18:10:13.642513,0 days 00:00:02.897369,0.9514416612328946,0.016200264339432415,2,690,4.243383696346475,4.826457424937866,0.8009550095968526,,"{""colsample_bytree"": 0.9514416612328946, ""learning_rate"": 0.016200264339432415, ""max_depth"": 2, ""n_estimators"": 690, ""reg_alpha"": 4.243383696346475, ""reg_lambda"": 4.826457424937866, ""subsample"": 0.8009550095968526}",COMPLETE
16,0.2210235842638358,2026-09-19 18:10:13.642513,2026-09-19 18:10:14.168194,0 days 00:00:00.525681,0.8895730335297897,0.018464405790830626,4,272,3.6607229158229324,3.7161373581903465,0.7796874383613928,,"{""colsample_bytree"": 0.8895730335297897, ""learning_rate"": 0.018464405790830626, ""max_depth"": 4, ""n_estimators"": 272, ""reg_alpha"": 3.6607229158229324, ""reg_lambda"": 3.7161373581903465, ""subsample"": 0.7796874383613928}",PRUNED
17,0.21919867718285788,2026-09-19 18:10:14.168194,2026-09-19 18:10:15.277437,0 days 00:00:01.109243,0.8975359242950476,0.011325650771792612,4,610,3.0833741043425515,2.869279002107861,0.7641766387671798,,"{""colsample_bytree"": 0.8975359242950476, ""learning_rate"": 0.011325650771792612, ""max_depth"": 4, ""n_estimators"": 610, ""reg_alpha"": 3.0833741043425515, ""reg_lambda"": 2.869279002107861, ""subsample"": 0.7641766387671798}",PRUNED
18,0.22878659097603962,2026-09-19 18:10:15.277437,2026-09-19 18:10:15.777077,0 days 00:00:00.499640,0.8068572063293984,0.021264256253555137,3,478,3.2341893226728735,2.7922780430857035,0.6226941001607114,,"{""colsample_bytree"": 0.8068572063293984, ""learning_rate"": 0.021264256253555137, ""max_depth"": 3, ""n_estimators"": 478, ""reg_alpha"": 3.2341893226728735, ""reg_lambda"": 2.7922780430857035, ""subsample"": 0.6226941001607114}",PRUNED
19,0.21643764134163226,2026-09-19 18:10:15.777077,2026-09-19 18:10:16.475041,0 days 00:00:00.697964,0.9616943866817912,0.01198083562531992,3,587,2.350936451638059,1.6035106272148008,0.9105049476281943,,"{""colsample_bytree"": 0.9616943866817912, ""learning_rate"": 0.01198083562531992, ""max_depth"": 3, ""n_estimators"": 587, ""reg_alpha"": 2.350936451638059, ""reg_lambda"": 1.6035106272148008, ""subsample"": 0.9105049476281943}",PRUNED
20,0.24154581134656677,2026-09-19 18:10:16.475041,2026-09-19 18:10:18.400163,0 days 00:00:01.925122,0.9354177010686258,0.030963120036027785,1,621,3.9015081252095754,2.8964228373874334,0.8984353606708876,,"{""colsample_bytree"": 0.9354177010686258, ""learning_rate"": 0.030963120036027785, ""max_depth"": 1, ""n_estimators"": 621, ""reg_alpha"": 3.9015081252095754, ""reg_lambda"": 2.8964228373874334, ""subsample"": 0.8984353606708876}",COMPLETE
21,0.23125006591532013,2026-09-19 18:10:18.400163,2026-09-19 18:10:18.827363,0 days 00:00:00.427200,0.8924251812535482,0.011899068600658057,1,754,4.606036326652445,3.2350591445865704,0.8904732417232571,,"{""colsample_bytree"": 0.8924251812535482, ""learning_rate"": 0.011899068600658057, ""max_depth"": 1, ""n_estimators"": 754, ""reg_alpha"": 4.606036326652445, ""reg_lambda"": 3.2350591445865704, ""subsample"": 0.8904732417232571}",PRUNED
22,0.20031210676730254,2026-09-19 18:10:18.827363,2026-09-19 18:10:19.463953,0 days 00:00:00.636590,0.8751614249375436,0.02841544979944787,3,602,3.2245548077975936,3.2119826703722953,0.962266580209887,,"{""colsample_bytree"": 0.8751614249375436, ""learning_rate"": 0.02841544979944787, ""max_depth"": 3, ""n_estimators"": 602, ""reg_alpha"": 3.2245548077975936, ""reg_lambda"": 3.2119826703722953, ""subsample"": 0.962266580209887}",PRUNED
23,0.21597235145697935,2026-09-19 18:10:19.463953,2026-09-19 18:10:20.136501,0 days 00:00:00.672548,0.9240034343385582,0.02233806107452587,4,383,4.173049884798585,3.365914627183338,0.8721956261033572,,"{""colsample_bytree"": 0.9240034343385582, ""learning_rate"": 0.02233806107452587, ""max_depth"": 4, ""n_estimators"": 383, ""reg_alpha"": 4.173049884798585, ""reg_lambda"": 3.365914627183338, ""subsample"": 0.8721956261033572}",PRUNED
24,0.22569155045207948,2026-09-19 18:10:20.136501,2026-09-19 18:10:22.590355,0 days 00:00:02.453854,0.9782129295445164,0.03954135426928168,2,659,3.7278634484221507,2.543489995067218,0.8765233177426154,,"{""colsample_bytree"": 0.9782129295445164, ""learning_rate"": 0.03954135426928168, ""max_depth"": 2, ""n_estimators"": 659, ""reg_alpha"": 3.7278634484221507, ""reg_lambda"": 2.543489995067218, ""subsample"": 0.8765233177426154}",COMPLETE
25,0.23350853499776272,2026-09-19 18:10:22.590355,2026-09-19 18:10:24.332469,0 days 00:00:01.742114,0.9715994608639227,0.04046310314204936,2,403,3.997090947552768,1.6105256785446747,0.9058348341298845,,"{""colsample_bytree"": 0.9715994608639227, ""learning_rate"": 0.04046310314204936, ""max_depth"": 2, ""n_estimators"": 403, ""reg_alpha"": 3.997090947552768, ""reg_lambda"": 1.6105256785446747, ""subsample"": 0.9058348341298845}",COMPLETE
26,0.23999035479280587,2026-09-19 18:10:24.332469,2026-09-19 18:10:27.252923,0 days 00:00:02.920454,0.9866482769168066,0.014004839304126488,2,681,4.7958120584139845,2.1917391972035887,0.7354557896887509,,"{""colsample_bytree"": 0.9866482769168066, ""learning_rate"": 0.014004839304126488, ""max_depth"": 2, ""n_estimators"": 681, ""reg_alpha"": 4.7958120584139845, ""reg_lambda"": 2.1917391972035887, ""subsample"": 0.7354557896887509}",COMPLETE
27,0.21378659199782662,2026-09-19 18:10:27.252923,2026-09-19 18:10:27.738621,0 days 00:00:00.485698,0.982031161880484,0.029960191168103636,3,456,3.1938868326625687,3.8810915934840047,0.9399680979218515,,"{""colsample_bytree"": 0.982031161880484, ""learning_rate"": 0.029960191168103636, ""max_depth"": 3, ""n_estimators"": 456, ""reg_alpha"": 3.1938868326625687, ""reg_lambda"": 3.8810915934840047, ""subsample"": 0.9399680979218515}",PRUNED
28,0.23689580098029375,2026-09-19 18:10:27.738621,2026-09-19 18:10:28.043037,0 days 00:00:00.304416,0.8671850040569422,0.03315192528160353,2,430,3.579464123848534,2.38497528145578,0.8677285202452603,,"{""colsample_bytree"": 0.8671850040569422, ""learning_rate"": 0.03315192528160353, ""max_depth"": 2, ""n_estimators"": 430, ""reg_alpha"": 3.579464123848534, ""reg_lambda"": 2.38497528145578, ""subsample"": 0.8677285202452603}",PRUNED
29,0.2420760145657619,2026-09-19 18:10:28.043037,2026-09-19 18:10:29.536588,0 days 00:00:01.493551,0.9536850534280261,0.0491328769147035,1,507,4.072014670627653,3.8446237861389783,0.8820965530578738,,"{""colsample_bytree"": 0.9536850534280261, ""learning_rate"": 0.0491328769147035, ""max_depth"": 1, ""n_estimators"": 507, ""reg_alpha"": 4.072014670627653, ""reg_lambda"": 3.8446237861389783, ""subsample"": 0.8820965530578738}",COMPLETE
