number,value,datetime_start,datetime_complete,duration,params_colsample_bytree,params_learning_rate,params_max_depth,params_n_estimators,params_reg_alpha,params_reg_lambda,params_subsample,system_attrs_tpe:relative_params:0,state
0,0.19367413169543735,2026-09-19 04:30:37.369701,2026-09-19 04:30:41.158466,0 days 00:00:03.788765,0.5780093202212182,0.2536999076681772,10,574,0.7799726016810132,0.2904180608409973,0.8394633936788146,,COMPLETE
1,0.21446858547060024,2026-09-19 04:30:41.158466,2026-09-19 04:30:50.644619,0 days 00:00:09.486153,0.9849549260809971,0.07725378389307355,10,1067,4.162213204002109,1.0616955533913808,0.608233797718321,,COMPLETE
2,0.21810018671036963,2026-09-19 04:30:50.644619,2026-09-19 04:30:56.752398,0 days 00:00:06.107779,0.7159725093210578,0.018659959624904916,6,382,1.4561457009902097,3.0592644736118975,0.8099025726528951,,COMPLETE
3,0.22181524224449478,2026-09-19 04:30:56.752398,2026-09-19 04:31:02.937713,0 days 00:00:06.185315,0.8925879806965068,0.027010527749605478,6,339,0.9983689107917987,2.571172192068058,0.7824279936868144,,COMPLETE
4,0.22880507917462084,2026-09-19 04:31:02.937713,2026-09-19 04:31:16.296546,0 days 00:00:13.358833,0.5325257964926398,0.011711509955524094,9,793,4.7444276862666666,4.828160165372797,0.6682096494749166,,COMPLETE
5,0.1657087610867459,2026-09-19 04:31:16.296546,2026-09-19 04:31:17.263404,0 days 00:00:00.966858,0.7200762468698007,0.028180680291847244,3,1009,0.6101911742238941,2.475884550556351,0.8736932106048627,,PRUNED
6,0.17184414570303658,2026-09-19 04:31:17.263404,2026-09-19 04:31:17.657685,0 days 00:00:00.394281,0.6558555380447055,0.22038218939289875,5,234,2.600340105889054,2.7335513967163982,0.8650089137415928,,PRUNED
7,0.16959619410553706,2026-09-19 04:31:17.657685,2026-09-19 04:31:18.287216,0 days 00:00:00.629531,0.9474136752138245,0.27051668818999286,10,385,2.9894998940554256,4.609371175115584,0.9757995766256756,,PRUNED
8,0.24217096543965577,2026-09-19 04:31:18.287216,2026-09-19 04:31:19.779774,0 days 00:00:01.492558,0.6943386448447411,0.01947558230629543,3,288,1.3567451588694794,4.143687545759647,0.7301321323053057,,COMPLETE
9,0.17372321665828877,2026-09-19 04:31:19.779774,2026-09-19 04:31:22.349495,0 days 00:00:02.569721,0.9010984903770198,0.026000059117302653,8,557,0.3727532183988541,4.9344346830025865,0.6563696899899051,,PRUNED
10,0.1639408952349455,2026-09-19 04:31:22.349495,2026-09-19 04:31:22.937537,0 days 00:00:00.588042,0.7146334367602184,0.05304539620046197,3,664,3.787268579910349,1.7187343523663845,0.6160894317513417,"{""colsample_bytree"": 0.7146334367602184, ""learning_rate"": 0.05304539620046197, ""max_depth"": 3, ""n_estimators"": 664, ""reg_alpha"": 3.787268579910349, ""reg_lambda"": 1.7187343523663845, ""subsample"": 0.6160894317513417}",PRUNED
11,0.22199776100524576,2026-09-19 04:31:22.937537,2026-09-19 04:31:38.044885,0 days 00:00:15.107348,0.660209607243769,0.014788673318483887,9,763,3.993459228006909,4.336936064015298,0.7392203375502684,"{""colsample_bytree"": 0.660209607243769, ""learning_rate"": 0.014788673318483887, ""max_depth"": 9, ""n_estimators"": 763, ""reg_alpha"": 3.993459228006909, ""reg_lambda"": 4.336936064015298, ""subsample"": 0.7392203375502684}",COMPLETE
12,0.17637489761127514,2026-09-19 04:31:38.044885,2026-09-19 04:31:39.246753,0 days 00:00:01.201868,0.5832658348041136,0.0170100100733282,4,905,4.38212585202865,4.131408226506311,0.6797083549266096,"{""colsample_bytree"": 0.5832658348041136, ""learning_rate"": 0.0170100100733282, ""max_depth"": 4, ""n_estimators"": 905, ""reg_alpha"": 4.38212585202865, ""reg_lambda"": 4.131408226506311, ""subsample"": 0.6797083549266096}",PRUNED
13,0.2370903223953241,2026-09-19 04:31:39.246753,2026-09-19 04:31:41.487403,0 days 00:00:02.240650,0.632771086974758,0.018216175311991083,4,326,1.8363792576366726,4.510020149822756,0.698823346771263,"{""colsample_bytree"": 0.632771086974758, ""learning_rate"": 0.018216175311991083, ""max_depth"": 4, ""n_estimators"": 326, ""reg_alpha"": 1.8363792576366726, ""reg_lambda"": 4.510020149822756, ""subsample"": 0.698823346771263}",COMPLETE
14,0.2448655305164502,2026-09-19 04:31:41.487403,2026-09-19 04:31:43.050123,0 days 00:00:01.562720,0.6882359041151164,0.013297632449769198,3,294,1.3599495706672913,4.072821271937603,0.6640610056965446,"{""colsample_bytree"": 0.6882359041151164, ""learning_rate"": 0.013297632449769198, ""max_depth"": 3, ""n_estimators"": 294, ""reg_alpha"": 1.3599495706672913, ""reg_lambda"": 4.072821271937603, ""subsample"": 0.6640610056965446}",COMPLETE
15,0.17965037784486604,2026-09-19 04:31:43.050123,2026-09-19 04:31:43.413346,0 days 00:00:00.363223,0.6962892504351416,0.01968111376653653,3,366,0.37427610943454137,2.691198121715487,0.6521953452825073,"{""colsample_bytree"": 0.6962892504351416, ""learning_rate"": 0.01968111376653653, ""max_depth"": 3, ""n_estimators"": 366, ""reg_alpha"": 0.37427610943454137, ""reg_lambda"": 2.691198121715487, ""subsample"": 0.6521953452825073}",PRUNED
16,0.17521810740065658,2026-09-19 04:31:43.413346,2026-09-19 04:31:44.252285,0 days 00:00:00.838939,0.7814198712763851,0.010317878277317958,4,574,1.5217440347307398,4.044036844870445,0.7950557569110946,"{""colsample_bytree"": 0.7814198712763851, ""learning_rate"": 0.010317878277317958, ""max_depth"": 4, ""n_estimators"": 574, ""reg_alpha"": 1.5217440347307398, ""reg_lambda"": 4.044036844870445, ""subsample"": 0.7950557569110946}",PRUNED
17,0.24382160284102722,2026-09-19 04:31:44.252285,2026-09-19 04:31:46.528555,0 days 00:00:02.276270,0.5773200514179712,0.011680066859389016,3,487,0.027706703998330307,3.7935456442632103,0.7199128096867797,"{""colsample_bytree"": 0.5773200514179712, ""learning_rate"": 0.011680066859389016, ""max_depth"": 3, ""n_estimators"": 487, ""reg_alpha"": 0.027706703998330307, ""reg_lambda"": 3.7935456442632103, ""subsample"": 0.7199128096867797}",COMPLETE
18,0.17466793623881363,2026-09-19 04:31:46.528555,2026-09-19 04:31:46.877758,0 days 00:00:00.349203,0.5577452744200513,0.01089236459986207,3,394,0.13745465510392213,4.865111760773728,0.7799505389338124,"{""colsample_bytree"": 0.5577452744200513, ""learning_rate"": 0.01089236459986207, ""max_depth"": 3, ""n_estimators"": 394, ""reg_alpha"": 0.13745465510392213, ""reg_lambda"": 4.865111760773728, ""subsample"": 0.7799505389338124}",PRUNED
19,0.17227423076097295,2026-09-19 04:31:46.877758,2026-09-19 04:31:47.431125,0 days 00:00:00.553367,0.6091491344138661,0.024255894405179227,3,572,1.562954001122401,4.026934368588095,0.7948338760685045,"{""colsample_bytree"": 0.6091491344138661, ""learning_rate"": 0.024255894405179227, ""max_depth"": 3, ""n_estimators"": 572, ""reg_alpha"": 1.562954001122401, ""reg_lambda"": 4.026934368588095, ""subsample"": 0.7948338760685045}",PRUNED
20,0.17830010677996422,2026-09-19 04:31:47.431125,2026-09-19 04:31:48.126640,0 days 00:00:00.695515,0.7026453534691784,0.010377095088123187,3,673,1.7910895189717264,4.40975213009378,0.6745862952196846,"{""colsample_bytree"": 0.7026453534691784, ""learning_rate"": 0.010377095088123187, ""max_depth"": 3, ""n_estimators"": 673, ""reg_alpha"": 1.7910895189717264, ""reg_lambda"": 4.40975213009378, ""subsample"": 0.6745862952196846}",PRUNED
21,0.17499029083798825,2026-09-19 04:31:48.126640,2026-09-19 04:31:48.551186,0 days 00:00:00.424546,0.7948332397379934,0.02166331224810133,3,365,0.4888502400552527,4.165304293358532,0.6077069661897789,"{""colsample_bytree"": 0.7948332397379934, ""learning_rate"": 0.02166331224810133, ""max_depth"": 3, ""n_estimators"": 365, ""reg_alpha"": 0.4888502400552527, ""reg_lambda"": 4.165304293358532, ""subsample"": 0.6077069661897789}",PRUNED
22,0.17829796038932724,2026-09-19 04:31:48.551186,2026-09-19 04:31:49.375874,0 days 00:00:00.824688,0.7667469803446314,0.019765619304473868,5,371,1.2061210563203,4.980666433113052,0.6794734880137444,"{""colsample_bytree"": 0.7667469803446314, ""learning_rate"": 0.019765619304473868, ""max_depth"": 5, ""n_estimators"": 371, ""reg_alpha"": 1.2061210563203, ""reg_lambda"": 4.980666433113052, ""subsample"": 0.6794734880137444}",PRUNED
23,0.23428457312346573,2026-09-19 04:31:49.375874,2026-09-19 04:31:50.934779,0 days 00:00:01.558905,0.759866268495317,0.011725247319370592,4,217,2.0052761050527135,4.441810968071297,0.6497785818467002,"{""colsample_bytree"": 0.759866268495317, ""learning_rate"": 0.011725247319370592, ""max_depth"": 4, ""n_estimators"": 217, ""reg_alpha"": 2.0052761050527135, ""reg_lambda"": 4.441810968071297, ""subsample"": 0.6497785818467002}",COMPLETE
24,0.23480810709799566,2026-09-19 04:31:50.934779,2026-09-19 04:31:54.535427,0 days 00:00:03.600648,0.6863997237748131,0.010657412266547659,5,336,1.2871852446151415,3.663855701644295,0.6635576952512512,"{""colsample_bytree"": 0.6863997237748131, ""learning_rate"": 0.010657412266547659, ""max_depth"": 5, ""n_estimators"": 336, ""reg_alpha"": 1.2871852446151415, ""reg_lambda"": 3.663855701644295, ""subsample"": 0.6635576952512512}",COMPLETE
25,0.1745480165587994,2026-09-19 04:31:54.535427,2026-09-19 04:31:55.484902,0 days 00:00:00.949475,0.501627414805464,0.012175665760845502,5,525,0.06704107063068587,3.6721662187026176,0.8211093194956098,"{""colsample_bytree"": 0.501627414805464, ""learning_rate"": 0.012175665760845502, ""max_depth"": 5, ""n_estimators"": 525, ""reg_alpha"": 0.06704107063068587, ""reg_lambda"": 3.6721662187026176, ""subsample"": 0.8211093194956098}",PRUNED
26,0.1763220140722738,2026-09-19 04:31:55.484902,2026-09-19 04:31:55.872779,0 days 00:00:00.387877,0.6377837686390194,0.01775651029843925,3,406,1.8732680342155568,2.9415549338665787,0.6455415631872177,"{""colsample_bytree"": 0.6377837686390194, ""learning_rate"": 0.01775651029843925, ""max_depth"": 3, ""n_estimators"": 406, ""reg_alpha"": 1.8732680342155568, ""reg_lambda"": 2.9415549338665787, ""subsample"": 0.6455415631872177}",PRUNED
27,0.17659299342992474,2026-09-19 04:31:55.872779,2026-09-19 04:31:56.430478,0 days 00:00:00.557699,0.5513907729392171,0.012891096933663722,4,456,0.8616308171066255,3.656147374673469,0.7229877565312457,"{""colsample_bytree"": 0.5513907729392171, ""learning_rate"": 0.012891096933663722, ""max_depth"": 4, ""n_estimators"": 456, ""reg_alpha"": 0.8616308171066255, ""reg_lambda"": 3.656147374673469, ""subsample"": 0.7229877565312457}",PRUNED
28,0.17858501685127237,2026-09-19 04:31:56.430478,2026-09-19 04:31:57.153125,0 days 00:00:00.722647,0.6280713454541456,0.019625769493599614,4,508,0.8843981697587848,3.8084138658826165,0.6808131427518922,"{""colsample_bytree"": 0.6280713454541456, ""learning_rate"": 0.019625769493599614, ""max_depth"": 4, ""n_estimators"": 508, ""reg_alpha"": 0.8843981697587848, ""reg_lambda"": 3.8084138658826165, ""subsample"": 0.6808131427518922}",PRUNED
29,0.17994127690276263,2026-09-19 04:31:57.153125,2026-09-19 04:31:57.509499,0 days 00:00:00.356374,0.6340516363144073,0.013606824542155407,3,344,2.705477447872017,4.1787670153775816,0.6818439570558807,"{""colsample_bytree"": 0.6340516363144073, ""learning_rate"": 0.013606824542155407, ""max_depth"": 3, ""n_estimators"": 344, ""reg_alpha"": 2.705477447872017, ""reg_lambda"": 4.1787670153775816, ""subsample"": 0.6818439570558807}",PRUNED
30,0.17867844505030825,2026-09-19 04:31:57.509499,2026-09-19 04:31:58.050528,0 days 00:00:00.541029,0.7428216736798477,0.018615410782284507,4,347,1.663849219590273,3.742155405666189,0.668193375529958,"{""colsample_bytree"": 0.7428216736798477, ""learning_rate"": 0.018615410782284507, ""max_depth"": 4, ""n_estimators"": 347, ""reg_alpha"": 1.663849219590273, ""reg_lambda"": 3.742155405666189, ""subsample"": 0.668193375529958}",PRUNED
31,0.2401971201546528,2026-09-19 04:31:58.050528,2026-09-19 04:31:59.124134,0 days 00:00:01.073606,0.603313982182432,0.016455877521573143,3,237,1.2762587792217168,4.601697136522063,0.7268330603755977,"{""colsample_bytree"": 0.603313982182432, ""learning_rate"": 0.016455877521573143, ""max_depth"": 3, ""n_estimators"": 237, ""reg_alpha"": 1.2762587792217168, ""reg_lambda"": 4.601697136522063, ""subsample"": 0.7268330603755977}",COMPLETE
32,0.17958789008662446,2026-09-19 04:31:59.124134,2026-09-19 04:31:59.494305,0 days 00:00:00.370171,0.6473018857417945,0.015761749335279653,3,357,0.24190416071235266,4.813419522998302,0.7099041447116321,"{""colsample_bytree"": 0.6473018857417945, ""learning_rate"": 0.015761749335279653, ""max_depth"": 3, ""n_estimators"": 357, ""reg_alpha"": 0.24190416071235266, ""reg_lambda"": 4.813419522998302, ""subsample"": 0.7099041447116321}",PRUNED
33,0.18022180136666383,2026-09-19 04:31:59.494305,2026-09-19 04:32:00.253944,0 days 00:00:00.759639,0.6326075974274713,0.011518774210242005,4,537,0.24599842075458161,3.539761046053341,0.6701069477636378,"{""colsample_bytree"": 0.6326075974274713, ""learning_rate"": 0.011518774210242005, ""max_depth"": 4, ""n_estimators"": 537, ""reg_alpha"": 0.24599842075458161, ""reg_lambda"": 3.539761046053341, ""subsample"": 0.6701069477636378}",PRUNED
34,0.234479392278514,2026-09-19 04:32:00.253944,2026-09-19 04:32:01.629518,0 days 00:00:01.375574,0.549162959167617,0.01184594525740762,4,213,0.22028705389081926,4.003041984683507,0.6952234166318781,"{""colsample_bytree"": 0.549162959167617, ""learning_rate"": 0.01184594525740762, ""max_depth"": 4, ""n_estimators"": 213, ""reg_alpha"": 0.22028705389081926, ""reg_lambda"": 4.003041984683507, ""subsample"": 0.6952234166318781}",COMPLETE
35,0.17949624945901518,2026-09-19 04:32:01.629518,2026-09-19 04:32:01.912264,0 days 00:00:00.282746,0.6011710753765128,0.011504377014734724,3,316,1.1400738958590133,4.327516799055705,0.6889107568211413,"{""colsample_bytree"": 0.6011710753765128, ""learning_rate"": 0.011504377014734724, ""max_depth"": 3, ""n_estimators"": 316, ""reg_alpha"": 1.1400738958590133, ""reg_lambda"": 4.327516799055705, ""subsample"": 0.6889107568211413}",PRUNED
36,0.17990933471558984,2026-09-19 04:32:01.912264,2026-09-19 04:32:02.208270,0 days 00:00:00.296006,0.7077677665383789,0.014204127195785657,4,212,0.9721070857960112,4.3102905780539,0.7032383269804223,"{""colsample_bytree"": 0.7077677665383789, ""learning_rate"": 0.014204127195785657, ""max_depth"": 4, ""n_estimators"": 212, ""reg_alpha"": 0.9721070857960112, ""reg_lambda"": 4.3102905780539, ""subsample"": 0.7032383269804223}",PRUNED
37,0.24254131444851676,2026-09-19 04:32:02.208270,2026-09-19 04:32:03.342927,0 days 00:00:01.134657,0.63650546682848,0.016181008252636925,3,212,1.8366281156566229,4.913504017172413,0.7289468042619354,"{""colsample_bytree"": 0.63650546682848, ""learning_rate"": 0.016181008252636925, ""max_depth"": 3, ""n_estimators"": 212, ""reg_alpha"": 1.8366281156566229, ""reg_lambda"": 4.913504017172413, ""subsample"": 0.7289468042619354}",COMPLETE
38,0.17772585373480207,2026-09-19 04:32:03.342927,2026-09-19 04:32:03.700373,0 days 00:00:00.357446,0.6337466580377809,0.01283065444920301,3,340,1.6824634990108356,3.8561511351741093,0.6101393216946739,"{""colsample_bytree"": 0.6337466580377809, ""learning_rate"": 0.01283065444920301, ""max_depth"": 3, ""n_estimators"": 340, ""reg_alpha"": 1.6824634990108356, ""reg_lambda"": 3.8561511351741093, ""subsample"": 0.6101393216946739}",PRUNED
39,0.18043158129256143,2026-09-19 04:32:03.700373,2026-09-19 04:32:04.213206,0 days 00:00:00.512833,0.6281248247642813,0.010518695364506649,4,366,0.17549992686402313,3.422160570681717,0.703895950689919,"{""colsample_bytree"": 0.6281248247642813, ""learning_rate"": 0.010518695364506649, ""max_depth"": 4, ""n_estimators"": 366, ""reg_alpha"": 0.17549992686402313, ""reg_lambda"": 3.422160570681717, ""subsample"": 0.703895950689919}",PRUNED
40,0.24436480284603274,2026-09-19 04:32:04.213206,2026-09-19 04:32:06.049719,0 days 00:00:01.836513,0.805270954686431,0.01751503520994055,3,342,1.1454007166505566,4.616456058547559,0.6849502799435602,"{""colsample_bytree"": 0.805270954686431, ""learning_rate"": 0.01751503520994055, ""max_depth"": 3, ""n_estimators"": 342, ""reg_alpha"": 1.1454007166505566, ""reg_lambda"": 4.616456058547559, ""subsample"": 0.6849502799435602}",COMPLETE
41,0.2367259802508317,2026-09-19 04:32:06.049719,2026-09-19 04:32:07.611118,0 days 00:00:01.561399,0.722797327438193,0.010930101694064104,3,295,1.9169448255798744,4.3177651127665255,0.718092760409421,"{""colsample_bytree"": 0.722797327438193, ""learning_rate"": 0.010930101694064104, ""max_depth"": 3, ""n_estimators"": 295, ""reg_alpha"": 1.9169448255798744, ""reg_lambda"": 4.3177651127665255, ""subsample"": 0.718092760409421}",COMPLETE
42,0.17505876190293115,2026-09-19 04:32:07.611118,2026-09-19 04:32:07.934090,0 days 00:00:00.322972,0.6283904338014294,0.028579074136013363,3,330,1.545556203334994,4.356124759789787,0.6793255550361648,"{""colsample_bytree"": 0.6283904338014294, ""learning_rate"": 0.028579074136013363, ""max_depth"": 3, ""n_estimators"": 330, ""reg_alpha"": 1.545556203334994, ""reg_lambda"": 4.356124759789787, ""subsample"": 0.6793255550361648}",PRUNED
43,0.17921211177252927,2026-09-19 04:32:07.934090,2026-09-19 04:32:08.148286,0 days 00:00:00.214196,0.6534657019091337,0.01913479431750796,3,222,2.186113747922986,4.474361025449028,0.7567933507115404,"{""colsample_bytree"": 0.6534657019091337, ""learning_rate"": 0.01913479431750796, ""max_depth"": 3, ""n_estimators"": 222, ""reg_alpha"": 2.186113747922986, ""reg_lambda"": 4.474361025449028, ""subsample"": 0.7567933507115404}",PRUNED
44,0.2345423478449324,2026-09-19 04:32:08.148286,2026-09-19 04:32:10.013536,0 days 00:00:01.865250,0.6525347234869182,0.010791184492361865,4,266,1.4615242515839,4.230808623793378,0.7362068354539353,"{""colsample_bytree"": 0.6525347234869182, ""learning_rate"": 0.010791184492361865, ""max_depth"": 4, ""n_estimators"": 266, ""reg_alpha"": 1.4615242515839, ""reg_lambda"": 4.230808623793378, ""subsample"": 0.7362068354539353}",COMPLETE
45,0.1770854288365538,2026-09-19 04:32:10.013536,2026-09-19 04:32:10.335540,0 days 00:00:00.322004,0.7467606768218996,0.024272529179575366,3,304,0.4376753298071846,4.817983629898762,0.7286871012549709,"{""colsample_bytree"": 0.7467606768218996, ""learning_rate"": 0.024272529179575366, ""max_depth"": 3, ""n_estimators"": 304, ""reg_alpha"": 0.4376753298071846, ""reg_lambda"": 4.817983629898762, ""subsample"": 0.7286871012549709}",PRUNED
46,0.24704155917672527,2026-09-19 04:32:10.335540,2026-09-19 04:32:11.637846,0 days 00:00:01.302306,0.7487762381885759,0.02137699648164603,3,244,1.3543088199612614,4.258617494245311,0.6841480008952757,"{""colsample_bytree"": 0.7487762381885759, ""learning_rate"": 0.02137699648164603, ""max_depth"": 3, ""n_estimators"": 244, ""reg_alpha"": 1.3543088199612614, ""reg_lambda"": 4.258617494245311, ""subsample"": 0.6841480008952757}",COMPLETE
47,0.1813452746056598,2026-09-19 04:32:11.637846,2026-09-19 04:32:11.882684,0 days 00:00:00.244838,0.572642733371961,0.017166882268566292,3,235,1.7038711841958862,4.905517930907071,0.6574517487467666,"{""colsample_bytree"": 0.572642733371961, ""learning_rate"": 0.017166882268566292, ""max_depth"": 3, ""n_estimators"": 235, ""reg_alpha"": 1.7038711841958862, ""reg_lambda"": 4.905517930907071, ""subsample"": 0.6574517487467666}",PRUNED
48,0.1784246691441747,2026-09-19 04:32:11.882684,2026-09-19 04:32:12.329112,0 days 00:00:00.446428,0.6744636510557341,0.01773439850006589,4,297,1.4271892730824478,4.915197212404924,0.7185561394247812,"{""colsample_bytree"": 0.6744636510557341, ""learning_rate"": 0.01773439850006589, ""max_depth"": 4, ""n_estimators"": 297, ""reg_alpha"": 1.4271892730824478, ""reg_lambda"": 4.915197212404924, ""subsample"": 0.7185561394247812}",PRUNED
49,0.24533449634551047,2026-09-19 04:32:12.329112,2026-09-19 04:32:13.857369,0 days 00:00:01.528257,0.7083931242984893,0.01449833364166384,3,318,1.05109884283593,4.258461238480866,0.6706030625783627,"{""colsample_bytree"": 0.7083931242984893, ""learning_rate"": 0.01449833364166384, ""max_depth"": 3, ""n_estimators"": 318, ""reg_alpha"": 1.05109884283593, ""reg_lambda"": 4.258461238480866, ""subsample"": 0.6706030625783627}",COMPLETE
50,0.18203908173790478,2026-09-19 04:32:13.857369,2026-09-19 04:32:14.206367,0 days 00:00:00.348998,0.8146597884808559,0.01817008973018041,3,350,0.7586693935115407,4.436043344166171,0.6649613690020193,"{""colsample_bytree"": 0.8146597884808559, ""learning_rate"": 0.01817008973018041, ""max_depth"": 3, ""n_estimators"": 350, ""reg_alpha"": 0.7586693935115407, ""reg_lambda"": 4.436043344166171, ""subsample"": 0.6649613690020193}",PRUNED
51,0.17968236294131437,2026-09-19 04:32:14.206367,2026-09-19 04:32:14.574716,0 days 00:00:00.368349,0.7620422419190317,0.017979022404600486,3,357,1.0930408962867195,3.7045473961840205,0.6940037746965949,"{""colsample_bytree"": 0.7620422419190317, ""learning_rate"": 0.017979022404600486, ""max_depth"": 3, ""n_estimators"": 357, ""reg_alpha"": 1.0930408962867195, ""reg_lambda"": 3.7045473961840205, ""subsample"": 0.6940037746965949}",PRUNED
52,0.24899473105488984,2026-09-19 04:32:14.574716,2026-09-19 04:32:16.360151,0 days 00:00:01.785435,0.7190466967018643,0.017832450689620714,3,332,1.6717863823138588,4.551366945134862,0.6785738189405964,"{""colsample_bytree"": 0.7190466967018643, ""learning_rate"": 0.017832450689620714, ""max_depth"": 3, ""n_estimators"": 332, ""reg_alpha"": 1.6717863823138588, ""reg_lambda"": 4.551366945134862, ""subsample"": 0.6785738189405964}",COMPLETE
53,0.172237509421436,2026-09-19 04:32:16.360151,2026-09-19 04:32:16.753536,0 days 00:00:00.393385,0.7177237548115023,0.01424970202403241,4,276,1.3945856962654202,3.9516477448844465,0.6484990741392582,"{""colsample_bytree"": 0.7177237548115023, ""learning_rate"": 0.01424970202403241, ""max_depth"": 4, ""n_estimators"": 276, ""reg_alpha"": 1.3945856962654202, ""reg_lambda"": 3.9516477448844465, ""subsample"": 0.6484990741392582}",PRUNED
